<?xml version="1.0" encoding="UTF-8"?>
<coverage generated="1766167456055" clover="3.2.0">
  <project timestamp="1766167456055" name="All files">
    <metrics statements="282" coveredstatements="117" conditionals="142" coveredconditionals="24" methods="78" coveredmethods="11" elements="502" coveredelements="152" complexity="0" loc="282" ncloc="282" packages="8" files="19" classes="19"/>
    <package name="helpers">
      <metrics statements="43" coveredstatements="21" conditionals="55" coveredconditionals="8" methods="10" coveredmethods="2"/>
      <file name="bycrypt.helper.ts" path="E:\Workdir\Tasks\Collaborative Task Manager\backend\src\app\helpers\bycrypt.helper.ts">
        <metrics statements="5" coveredstatements="3" conditionals="1" coveredconditionals="0" methods="2" coveredmethods="0"/>
        <line num="1" count="1" type="stmt"/>
        <line num="4" count="0" type="stmt"/>
        <line num="8" count="0" type="stmt"/>
        <line num="11" count="1" type="stmt"/>
        <line num="13" count="1" type="stmt"/>
      </file>
      <file name="io.hepler.ts" path="E:\Workdir\Tasks\Collaborative Task Manager\backend\src\app\helpers\io.hepler.ts">
        <metrics statements="13" coveredstatements="3" conditionals="10" coveredconditionals="0" methods="2" coveredmethods="0"/>
        <line num="1" count="1" type="stmt"/>
        <line num="3" count="1" type="stmt"/>
        <line num="4" count="0" type="stmt"/>
        <line num="6" count="0" type="cond" truecount="0" falsecount="4"/>
        <line num="8" count="0" type="stmt"/>
        <line num="9" count="0" type="cond" truecount="0" falsecount="2"/>
        <line num="10" count="0" type="stmt"/>
        <line num="13" count="1" type="stmt"/>
        <line num="14" count="0" type="stmt"/>
        <line num="16" count="0" type="cond" truecount="0" falsecount="2"/>
        <line num="18" count="0" type="stmt"/>
        <line num="20" count="0" type="cond" truecount="0" falsecount="2"/>
        <line num="21" count="0" type="stmt"/>
      </file>
      <file name="pagination.helper.ts" path="E:\Workdir\Tasks\Collaborative Task Manager\backend\src\app\helpers\pagination.helper.ts">
        <metrics statements="15" coveredstatements="7" conditionals="36" coveredconditionals="2" methods="3" coveredmethods="1"/>
        <line num="2" count="2" type="stmt"/>
        <line num="3" count="2" type="stmt"/>
        <line num="5" count="2" type="cond" truecount="2" falsecount="0"/>
        <line num="6" count="2" type="stmt"/>
        <line num="7" count="2" type="stmt"/>
        <line num="26" count="2" type="stmt"/>
        <line num="32" count="0" type="cond" truecount="0" falsecount="7"/>
        <line num="34" count="0" type="cond" truecount="0" falsecount="4"/>
        <line num="39" count="0" type="stmt"/>
        <line num="42" count="0" type="cond" truecount="0" falsecount="2"/>
        <line num="47" count="0" type="cond" truecount="0" falsecount="7"/>
        <line num="49" count="0" type="stmt"/>
        <line num="51" count="0" type="stmt"/>
        <line num="55" count="2" type="stmt"/>
        <line num="58" count="0" type="stmt"/>
      </file>
      <file name="utils.helper.ts" path="E:\Workdir\Tasks\Collaborative Task Manager\backend\src\app\helpers\utils.helper.ts">
        <metrics statements="10" coveredstatements="8" conditionals="8" coveredconditionals="6" methods="3" coveredmethods="1"/>
        <line num="1" count="1" type="stmt"/>
        <line num="2" count="1" type="stmt"/>
        <line num="4" count="1" type="stmt"/>
        <line num="6" count="1" type="stmt"/>
        <line num="10" count="1" type="stmt"/>
        <line num="12" count="1" type="cond" truecount="6" falsecount="2"/>
        <line num="15" count="1" type="stmt"/>
        <line num="22" count="0" type="stmt"/>
        <line num="31" count="1" type="stmt"/>
        <line num="36" count="0" type="stmt"/>
      </file>
    </package>
    <package name="lib">
      <metrics statements="17" coveredstatements="11" conditionals="7" coveredconditionals="1" methods="2" coveredmethods="1"/>
      <file name="AppError.ts" path="E:\Workdir\Tasks\Collaborative Task Manager\backend\src\app\lib\AppError.ts">
        <metrics statements="6" coveredstatements="5" conditionals="2" coveredconditionals="1" methods="1" coveredmethods="1"/>
        <line num="4" count="1" type="stmt"/>
        <line num="5" count="1" type="stmt"/>
        <line num="6" count="1" type="cond" truecount="1" falsecount="1"/>
        <line num="7" count="0" type="stmt"/>
        <line num="9" count="1" type="stmt"/>
        <line num="14" count="2" type="stmt"/>
      </file>
      <file name="constant.ts" path="E:\Workdir\Tasks\Collaborative Task Manager\backend\src\app\lib\constant.ts">
        <metrics statements="2" coveredstatements="2" conditionals="0" coveredconditionals="0" methods="0" coveredmethods="0"/>
        <line num="1" count="2" type="stmt"/>
        <line num="3" count="2" type="stmt"/>
      </file>
      <file name="http-status.ts" path="E:\Workdir\Tasks\Collaborative Task Manager\backend\src\app\lib\http-status.ts">
        <metrics statements="3" coveredstatements="3" conditionals="0" coveredconditionals="0" methods="0" coveredmethods="0"/>
        <line num="1" count="2" type="stmt"/>
        <line num="2" count="2" type="stmt"/>
        <line num="4" count="2" type="stmt"/>
      </file>
      <file name="pick.ts" path="E:\Workdir\Tasks\Collaborative Task Manager\backend\src\app\lib\pick.ts">
        <metrics statements="6" coveredstatements="1" conditionals="5" coveredconditionals="0" methods="1" coveredmethods="0"/>
        <line num="1" count="2" type="stmt"/>
        <line num="5" count="0" type="stmt"/>
        <line num="6" count="0" type="stmt"/>
        <line num="7" count="0" type="cond" truecount="0" falsecount="5"/>
        <line num="8" count="0" type="stmt"/>
        <line num="11" count="0" type="stmt"/>
      </file>
    </package>
    <package name="modules.notification">
      <metrics statements="31" coveredstatements="10" conditionals="4" coveredconditionals="0" methods="10" coveredmethods="1"/>
      <file name="notification.repository.ts" path="E:\Workdir\Tasks\Collaborative Task Manager\backend\src\app\modules\notification\notification.repository.ts">
        <metrics statements="12" coveredstatements="3" conditionals="0" coveredconditionals="0" methods="5" coveredmethods="1"/>
        <line num="2" count="1" type="stmt"/>
        <line num="6" count="1" type="stmt"/>
        <line num="9" count="0" type="stmt"/>
        <line num="13" count="0" type="stmt"/>
        <line num="17" count="0" type="stmt"/>
        <line num="19" count="0" type="stmt"/>
        <line num="21" count="0" type="stmt"/>
        <line num="28" count="0" type="stmt"/>
        <line num="30" count="0" type="stmt"/>
        <line num="32" count="0" type="stmt"/>
        <line num="36" count="0" type="stmt"/>
        <line num="43" count="1" type="stmt"/>
      </file>
      <file name="notification.service.ts" path="E:\Workdir\Tasks\Collaborative Task Manager\backend\src\app\modules\notification\notification.service.ts">
        <metrics statements="19" coveredstatements="7" conditionals="4" coveredconditionals="0" methods="5" coveredmethods="0"/>
        <line num="1" count="1" type="stmt"/>
        <line num="2" count="1" type="stmt"/>
        <line num="4" count="1" type="stmt"/>
        <line num="9" count="1" type="stmt"/>
        <line num="10" count="1" type="stmt"/>
        <line num="11" count="1" type="stmt"/>
        <line num="16" count="0" type="stmt"/>
        <line num="17" count="0" type="cond" truecount="0" falsecount="2"/>
        <line num="18" count="0" type="stmt"/>
        <line num="19" count="0" type="stmt"/>
        <line num="26" count="0" type="stmt"/>
        <line num="33" count="0" type="stmt"/>
        <line num="39" count="0" type="stmt"/>
        <line num="40" count="0" type="stmt"/>
        <line num="43" count="0" type="stmt"/>
        <line num="45" count="0" type="stmt"/>
        <line num="47" count="0" type="cond" truecount="0" falsecount="2"/>
        <line num="48" count="0" type="stmt"/>
        <line num="56" count="1" type="stmt"/>
      </file>
    </package>
    <package name="modules.task">
      <metrics statements="85" coveredstatements="28" conditionals="35" coveredconditionals="11" methods="25" coveredmethods="3"/>
      <file name="task.repository.ts" path="E:\Workdir\Tasks\Collaborative Task Manager\backend\src\app\modules\task\task.repository.ts">
        <metrics statements="45" coveredstatements="4" conditionals="13" coveredconditionals="0" methods="19" coveredmethods="1"/>
        <line num="1" count="1" type="stmt"/>
        <line num="2" count="1" type="stmt"/>
        <line num="13" count="0" type="stmt"/>
        <line num="15" count="0" type="stmt"/>
        <line num="18" count="0" type="cond" truecount="0" falsecount="2"/>
        <line num="19" count="0" type="stmt"/>
        <line num="25" count="0" type="stmt"/>
        <line num="27" count="0" type="cond" truecount="0" falsecount="3"/>
        <line num="31" count="0" type="cond" truecount="0" falsecount="2"/>
        <line num="32" count="0" type="stmt"/>
        <line num="35" count="0" type="stmt"/>
        <line num="38" count="1" type="stmt"/>
        <line num="41" count="0" type="stmt"/>
        <line num="42" count="0" type="stmt"/>
        <line num="46" count="0" type="stmt"/>
        <line num="50" count="0" type="stmt"/>
        <line num="53" count="0" type="stmt"/>
        <line num="57" count="0" type="stmt"/>
        <line num="64" count="0" type="stmt"/>
        <line num="68" count="0" type="stmt"/>
        <line num="72" count="0" type="stmt"/>
        <line num="76" count="0" type="stmt"/>
        <line num="78" count="0" type="stmt"/>
        <line num="84" count="0" type="stmt"/>
        <line num="102" count="0" type="stmt"/>
        <line num="104" count="0" type="stmt"/>
        <line num="105" count="0" type="stmt"/>
        <line num="109" count="0" type="stmt"/>
        <line num="113" count="0" type="stmt"/>
        <line num="114" count="0" type="stmt"/>
        <line num="117" count="0" type="stmt"/>
        <line num="134" count="0" type="stmt"/>
        <line num="136" count="0" type="stmt"/>
        <line num="137" count="0" type="stmt"/>
        <line num="141" count="0" type="stmt"/>
        <line num="145" count="0" type="stmt"/>
        <line num="147" count="0" type="stmt"/>
        <line num="156" count="0" type="stmt"/>
        <line num="182" count="0" type="stmt"/>
        <line num="184" count="0" type="stmt"/>
        <line num="185" count="0" type="stmt"/>
        <line num="189" count="0" type="stmt"/>
        <line num="194" count="0" type="cond" truecount="0" falsecount="1"/>
        <line num="195" count="0" type="stmt"/>
        <line num="199" count="1" type="stmt"/>
      </file>
      <file name="task.service.ts" path="E:\Workdir\Tasks\Collaborative Task Manager\backend\src\app\modules\task\task.service.ts">
        <metrics statements="40" coveredstatements="24" conditionals="22" coveredconditionals="11" methods="6" coveredmethods="2"/>
        <line num="1" count="1" type="stmt"/>
        <line num="2" count="1" type="stmt"/>
        <line num="3" count="1" type="stmt"/>
        <line num="4" count="1" type="stmt"/>
        <line num="6" count="1" type="stmt"/>
        <line num="7" count="1" type="stmt"/>
        <line num="13" count="1" type="stmt"/>
        <line num="18" count="1" type="stmt"/>
        <line num="19" count="1" type="cond" truecount="1" falsecount="1"/>
        <line num="20" count="0" type="stmt"/>
        <line num="24" count="1" type="stmt"/>
        <line num="29" count="1" type="stmt"/>
        <line num="38" count="1" type="stmt"/>
        <line num="39" count="1" type="cond" truecount="1" falsecount="1"/>
        <line num="40" count="0" type="stmt"/>
        <line num="44" count="1" type="stmt"/>
        <line num="45" count="1" type="stmt"/>
        <line num="47" count="1" type="cond" truecount="2" falsecount="2"/>
        <line num="48" count="0" type="stmt"/>
        <line num="55" count="1" type="stmt"/>
        <line num="60" count="1" type="cond" truecount="3" falsecount="1"/>
        <line num="61" count="1" type="stmt"/>
        <line num="62" count="1" type="cond" truecount="1" falsecount="1"/>
        <line num="63" count="0" type="stmt"/>
        <line num="68" count="1" type="stmt"/>
        <line num="71" count="1" type="cond" truecount="1" falsecount="1"/>
        <line num="72" count="0" type="stmt"/>
        <line num="81" count="1" type="stmt"/>
        <line num="88" count="0" type="stmt"/>
        <line num="89" count="0" type="cond" truecount="0" falsecount="2"/>
        <line num="90" count="0" type="stmt"/>
        <line num="94" count="0" type="cond" truecount="0" falsecount="2"/>
        <line num="95" count="0" type="stmt"/>
        <line num="102" count="0" type="stmt"/>
        <line num="104" count="0" type="stmt"/>
        <line num="112" count="0" type="stmt"/>
        <line num="124" count="0" type="stmt"/>
        <line num="136" count="0" type="stmt"/>
        <line num="142" count="0" type="stmt"/>
        <line num="146" count="1" type="stmt"/>
      </file>
    </package>
    <package name="modules.taskStatusAuditLog">
      <metrics statements="16" coveredstatements="11" conditionals="2" coveredconditionals="0" methods="4" coveredmethods="1"/>
      <file name="taskStatusAuditLog.repository.ts" path="E:\Workdir\Tasks\Collaborative Task Manager\backend\src\app\modules\taskStatusAuditLog\taskStatusAuditLog.repository.ts">
        <metrics statements="4" coveredstatements="3" conditionals="0" coveredconditionals="0" methods="2" coveredmethods="1"/>
        <line num="2" count="1" type="stmt"/>
        <line num="5" count="1" type="stmt"/>
        <line num="7" count="0" type="stmt"/>
        <line num="11" count="1" type="stmt"/>
      </file>
      <file name="taskStatusAuditLog.service.ts" path="E:\Workdir\Tasks\Collaborative Task Manager\backend\src\app\modules\taskStatusAuditLog\taskStatusAuditLog.service.ts">
        <metrics statements="6" coveredstatements="3" conditionals="2" coveredconditionals="0" methods="1" coveredmethods="0"/>
        <line num="2" count="1" type="stmt"/>
        <line num="3" count="1" type="stmt"/>
        <line num="8" count="0" type="stmt"/>
        <line num="11" count="0" type="cond" truecount="0" falsecount="2"/>
        <line num="12" count="0" type="stmt"/>
        <line num="16" count="1" type="stmt"/>
      </file>
      <file name="taskStatusAuditLog.validation.ts" path="E:\Workdir\Tasks\Collaborative Task Manager\backend\src\app\modules\taskStatusAuditLog\taskStatusAuditLog.validation.ts">
        <metrics statements="6" coveredstatements="5" conditionals="0" coveredconditionals="0" methods="1" coveredmethods="0"/>
        <line num="1" count="1" type="stmt"/>
        <line num="2" count="1" type="stmt"/>
        <line num="4" count="1" type="stmt"/>
        <line num="11" count="0" type="stmt"/>
        <line num="16" count="1" type="stmt"/>
        <line num="18" count="1" type="stmt"/>
      </file>
    </package>
    <package name="modules.user">
      <metrics statements="51" coveredstatements="19" conditionals="21" coveredconditionals="4" methods="17" coveredmethods="3"/>
      <file name="user.repository.ts" path="E:\Workdir\Tasks\Collaborative Task Manager\backend\src\app\modules\user\user.repository.ts">
        <metrics statements="31" coveredstatements="4" conditionals="13" coveredconditionals="0" methods="13" coveredmethods="1"/>
        <line num="2" count="2" type="stmt"/>
        <line num="7" count="2" type="stmt"/>
        <line num="18" count="2" type="stmt"/>
        <line num="23" count="0" type="stmt"/>
        <line num="25" count="0" type="stmt"/>
        <line num="28" count="0" type="cond" truecount="0" falsecount="2"/>
        <line num="29" count="0" type="stmt"/>
        <line num="35" count="0" type="stmt"/>
        <line num="37" count="0" type="cond" truecount="0" falsecount="3"/>
        <line num="41" count="0" type="cond" truecount="0" falsecount="2"/>
        <line num="42" count="0" type="stmt"/>
        <line num="45" count="0" type="cond" truecount="0" falsecount="2"/>
        <line num="49" count="0" type="stmt"/>
        <line num="52" count="0" type="stmt"/>
        <line num="56" count="0" type="stmt"/>
        <line num="60" count="0" type="stmt"/>
        <line num="64" count="0" type="stmt"/>
        <line num="65" count="0" type="stmt"/>
        <line num="68" count="0" type="stmt"/>
        <line num="69" count="0" type="stmt"/>
        <line num="73" count="0" type="stmt"/>
        <line num="77" count="0" type="stmt"/>
        <line num="81" count="0" type="stmt"/>
        <line num="84" count="0" type="stmt"/>
        <line num="92" count="0" type="stmt"/>
        <line num="94" count="0" type="stmt"/>
        <line num="99" count="0" type="stmt"/>
        <line num="107" count="0" type="stmt"/>
        <line num="109" count="0" type="stmt"/>
        <line num="111" count="0" type="stmt"/>
        <line num="115" count="2" type="stmt"/>
      </file>
      <file name="user.service.ts" path="E:\Workdir\Tasks\Collaborative Task Manager\backend\src\app\modules\user\user.service.ts">
        <metrics statements="20" coveredstatements="15" conditionals="8" coveredconditionals="4" methods="4" coveredmethods="2"/>
        <line num="1" count="1" type="stmt"/>
        <line num="2" count="1" type="stmt"/>
        <line num="3" count="1" type="stmt"/>
        <line num="11" count="1" type="stmt"/>
        <line num="12" count="1" type="stmt"/>
        <line num="16" count="2" type="stmt"/>
        <line num="18" count="2" type="cond" truecount="2" falsecount="0"/>
        <line num="19" count="1" type="stmt"/>
        <line num="20" count="1" type="stmt"/>
        <line num="24" count="1" type="cond" truecount="1" falsecount="1"/>
        <line num="25" count="0" type="stmt"/>
        <line num="31" count="1" type="stmt"/>
        <line num="47" count="1" type="cond" truecount="1" falsecount="1"/>
        <line num="49" count="1" type="stmt"/>
        <line num="53" count="0" type="stmt"/>
        <line num="67" count="0" type="cond" truecount="0" falsecount="2"/>
        <line num="68" count="0" type="stmt"/>
        <line num="75" count="1" type="stmt"/>
        <line num="94" count="0" type="stmt"/>
        <line num="102" count="1" type="stmt"/>
      </file>
    </package>
    <package name="prisma">
      <metrics statements="7" coveredstatements="7" conditionals="0" coveredconditionals="0" methods="0" coveredmethods="0"/>
      <file name="index.ts" path="E:\Workdir\Tasks\Collaborative Task Manager\backend\src\app\prisma\index.ts">
        <metrics statements="7" coveredstatements="7" conditionals="0" coveredconditionals="0" methods="0" coveredmethods="0"/>
        <line num="1" count="2" type="stmt"/>
        <line num="2" count="2" type="stmt"/>
        <line num="3" count="2" type="stmt"/>
        <line num="5" count="2" type="stmt"/>
        <line num="7" count="2" type="stmt"/>
        <line num="8" count="2" type="stmt"/>
        <line num="10" count="2" type="stmt"/>
      </file>
    </package>
    <package name="socket">
      <metrics statements="32" coveredstatements="10" conditionals="18" coveredconditionals="0" methods="10" coveredmethods="0"/>
      <file name="socketStore.ts" path="E:\Workdir\Tasks\Collaborative Task Manager\backend\src\app\socket\socketStore.ts">
        <metrics statements="32" coveredstatements="10" conditionals="18" coveredconditionals="0" methods="10" coveredmethods="0"/>
        <line num="4" count="1" type="stmt"/>
        <line num="8" count="1" type="stmt"/>
        <line num="10" count="1" type="stmt"/>
        <line num="11" count="0" type="cond" truecount="0" falsecount="2"/>
        <line num="12" count="0" type="stmt"/>
        <line num="14" count="0" type="cond" truecount="0" falsecount="4"/>
        <line num="17" count="1" type="stmt"/>
        <line num="18" count="0" type="stmt"/>
        <line num="19" count="0" type="cond" truecount="0" falsecount="2"/>
        <line num="21" count="0" type="stmt"/>
        <line num="22" count="0" type="cond" truecount="0" falsecount="2"/>
        <line num="23" count="0" type="stmt"/>
        <line num="27" count="1" type="stmt"/>
        <line num="28" count="0" type="cond" truecount="0" falsecount="4"/>
        <line num="30" count="1" type="stmt"/>
        <line num="31" count="0" type="stmt"/>
        <line num="33" count="0" type="stmt"/>
        <line num="35" count="0" type="stmt"/>
        <line num="36" count="0" type="stmt"/>
        <line num="37" count="0" type="cond" truecount="0" falsecount="2"/>
        <line num="40" count="0" type="stmt"/>
        <line num="43" count="1" type="stmt"/>
        <line num="44" count="0" type="stmt"/>
        <line num="47" count="1" type="stmt"/>
        <line num="48" count="0" type="stmt"/>
        <line num="54" count="1" type="stmt"/>
        <line num="55" count="0" type="stmt"/>
        <line num="56" count="0" type="stmt"/>
        <line num="59" count="1" type="stmt"/>
        <line num="60" count="0" type="cond" truecount="0" falsecount="2"/>
        <line num="61" count="0" type="stmt"/>
        <line num="63" count="0" type="stmt"/>
      </file>
    </package>
  </project>
</coverage>
