{"E:\\Workdir\\Tasks\\Collaborative Task Manager\\backend\\src\\app\\helpers\\bycrypt.helper.ts": {"path":"E:\\Workdir\\Tasks\\Collaborative Task Manager\\backend\\src\\app\\helpers\\bycrypt.helper.ts","statementMap":{"0":{"start":{"line":1,"column":0},"end":{"line":1,"column":28}},"1":{"start":{"line":4,"column":2},"end":{"line":4,"column":38}},"2":{"start":{"line":8,"column":2},"end":{"line":8,"column":41}},"3":{"start":{"line":11,"column":21},"end":{"line":11,"column":38}},"4":{"start":{"line":13,"column":0},"end":{"line":13,"column":28}}},"fnMap":{"0":{"name":"hash","decl":{"start":{"line":3,"column":9},"end":{"line":3,"column":13}},"loc":{"start":{"line":3,"column":38},"end":{"line":5,"column":1}}},"1":{"name":"compare","decl":{"start":{"line":7,"column":9},"end":{"line":7,"column":16}},"loc":{"start":{"line":7,"column":48},"end":{"line":9,"column":1}}}},"branchMap":{"0":{"loc":{"start":{"line":3,"column":28},"end":{"line":3,"column":38}},"type":"default-arg","locations":[{"start":{"line":3,"column":36},"end":{"line":3,"column":38}}]}},"s":{"0":1,"1":0,"2":0,"3":1,"4":1},"f":{"0":0,"1":0},"b":{"0":[0]}}
,"E:\\Workdir\\Tasks\\Collaborative Task Manager\\backend\\src\\app\\helpers\\io.hepler.ts": {"path":"E:\\Workdir\\Tasks\\Collaborative Task Manager\\backend\\src\\app\\helpers\\io.hepler.ts","statementMap":{"0":{"start":{"line":3,"column":0},"end":{"line":3,"column":16}},"1":{"start":{"line":13,"column":0},"end":{"line":13,"column":16}},"2":{"start":{"line":1,"column":0},"end":{"line":1,"column":65}},"3":{"start":{"line":4,"column":13},"end":{"line":4,"column":20}},"4":{"start":{"line":6,"column":2},"end":{"line":6,"column":47}},"5":{"start":{"line":6,"column":40},"end":{"line":6,"column":47}},"6":{"start":{"line":8,"column":20},"end":{"line":8,"column":46}},"7":{"start":{"line":9,"column":2},"end":{"line":11,"column":3}},"8":{"start":{"line":10,"column":4},"end":{"line":10,"column":39}},"9":{"start":{"line":14,"column":13},"end":{"line":14,"column":20}},"10":{"start":{"line":16,"column":2},"end":{"line":16,"column":22}},"11":{"start":{"line":16,"column":15},"end":{"line":16,"column":22}},"12":{"start":{"line":18,"column":20},"end":{"line":18,"column":47}},"13":{"start":{"line":20,"column":2},"end":{"line":22,"column":3}},"14":{"start":{"line":21,"column":4},"end":{"line":21,"column":39}}},"fnMap":{"0":{"name":"emitToUsers","decl":{"start":{"line":3,"column":16},"end":{"line":3,"column":27}},"loc":{"start":{"line":3,"column":71},"end":{"line":12,"column":1}}},"1":{"name":"emitToUser","decl":{"start":{"line":13,"column":16},"end":{"line":13,"column":26}},"loc":{"start":{"line":13,"column":67},"end":{"line":23,"column":1}}}},"branchMap":{"0":{"loc":{"start":{"line":6,"column":2},"end":{"line":6,"column":47}},"type":"if","locations":[{"start":{"line":6,"column":2},"end":{"line":6,"column":47}},{"start":{},"end":{}}]},"1":{"loc":{"start":{"line":6,"column":6},"end":{"line":6,"column":38}},"type":"binary-expr","locations":[{"start":{"line":6,"column":6},"end":{"line":6,"column":14}},{"start":{"line":6,"column":18},"end":{"line":6,"column":38}}]},"2":{"loc":{"start":{"line":9,"column":2},"end":{"line":11,"column":3}},"type":"if","locations":[{"start":{"line":9,"column":2},"end":{"line":11,"column":3}},{"start":{},"end":{}}]},"3":{"loc":{"start":{"line":16,"column":2},"end":{"line":16,"column":22}},"type":"if","locations":[{"start":{"line":16,"column":2},"end":{"line":16,"column":22}},{"start":{},"end":{}}]},"4":{"loc":{"start":{"line":20,"column":2},"end":{"line":22,"column":3}},"type":"if","locations":[{"start":{"line":20,"column":2},"end":{"line":22,"column":3}},{"start":{},"end":{}}]}},"s":{"0":1,"1":1,"2":1,"3":0,"4":0,"5":0,"6":0,"7":0,"8":0,"9":0,"10":0,"11":0,"12":0,"13":0,"14":0},"f":{"0":0,"1":0},"b":{"0":[0,0],"1":[0,0],"2":[0,0],"3":[0,0],"4":[0,0]}}
,"E:\\Workdir\\Tasks\\Collaborative Task Manager\\backend\\src\\app\\helpers\\pagination.helper.ts": {"path":"E:\\Workdir\\Tasks\\Collaborative Task Manager\\backend\\src\\app\\helpers\\pagination.helper.ts","statementMap":{"0":{"start":{"line":2,"column":0},"end":{"line":2,"column":57}},"1":{"start":{"line":3,"column":0},"end":{"line":3,"column":35}},"2":{"start":{"line":5,"column":0},"end":{"line":5,"column":null}},"3":{"start":{"line":6,"column":2},"end":{"line":6,"column":null}},"4":{"start":{"line":7,"column":2},"end":{"line":7,"column":null}},"5":{"start":{"line":26,"column":35},"end":{"line":52,"column":1}},"6":{"start":{"line":32,"column":4},"end":{"line":32,"column":63}},"7":{"start":{"line":34,"column":4},"end":{"line":37,"column":6}},"8":{"start":{"line":39,"column":27},"end":{"line":40,"column":null}},"9":{"start":{"line":42,"column":30},"end":{"line":44,"column":50}},"10":{"start":{"line":47,"column":4},"end":{"line":47,"column":69}},"11":{"start":{"line":49,"column":15},"end":{"line":49,"column":33}},"12":{"start":{"line":51,"column":2},"end":{"line":51,"column":50}},"13":{"start":{"line":26,"column":13},"end":{"line":26,"column":35}},"14":{"start":{"line":55,"column":38},"end":{"line":58,"column":58}},"15":{"start":{"line":58,"column":2},"end":{"line":58,"column":58}},"16":{"start":{"line":55,"column":13},"end":{"line":55,"column":38}}},"fnMap":{"0":{"name":"(anonymous_0)","decl":{"start":{"line":5,"column":0},"end":{"line":5,"column":12}},"loc":{"start":{"line":5,"column":22},"end":{"line":8,"column":1}}},"1":{"name":"(anonymous_1)","decl":{"start":{"line":26,"column":35},"end":{"line":26,"column":null}},"loc":{"start":{"line":29,"column":20},"end":{"line":52,"column":1}}},"2":{"name":"(anonymous_2)","decl":{"start":{"line":55,"column":38},"end":{"line":55,"column":null}},"loc":{"start":{"line":58,"column":2},"end":{"line":58,"column":58}}}},"branchMap":{"0":{"loc":{"start":{"line":5,"column":12},"end":{"line":5,"column":null}},"type":"binary-expr","locations":[{"start":{"line":5,"column":12},"end":{"line":5,"column":22}},{"start":{"line":5,"column":22},"end":{"line":5,"column":null}}]},"1":{"loc":{"start":{"line":32,"column":4},"end":{"line":32,"column":63}},"type":"binary-expr","locations":[{"start":{"line":32,"column":4},"end":{"line":32,"column":34}},{"start":{"line":32,"column":38},"end":{"line":32,"column":58}},{"start":{"line":32,"column":62},"end":{"line":32,"column":63}}]},"2":{"loc":{"start":{"line":32,"column":38},"end":{"line":32,"column":58}},"type":"cond-expr","locations":[{"start":{"line":32,"column":45},"end":{"line":32,"column":47}},{"start":{"line":32,"column":38},"end":{"line":32,"column":58}}]},"3":{"loc":{"start":{"line":32,"column":38},"end":{"line":32,"column":47}},"type":"binary-expr","locations":[{"start":{"line":32,"column":38},"end":{"line":32,"column":47}},{"start":{"line":32,"column":38},"end":{"line":32,"column":47}}]},"4":{"loc":{"start":{"line":34,"column":4},"end":{"line":37,"column":6}},"type":"binary-expr","locations":[{"start":{"line":34,"column":4},"end":{"line":34,"column":35}},{"start":{"line":35,"column":4},"end":{"line":35,"column":26}},{"start":{"line":36,"column":4},"end":{"line":36,"column":25}},{"start":{"line":37,"column":4},"end":{"line":37,"column":6}}]},"5":{"loc":{"start":{"line":35,"column":4},"end":{"line":35,"column":26}},"type":"cond-expr","locations":[{"start":{"line":35,"column":11},"end":{"line":35,"column":13}},{"start":{"line":35,"column":4},"end":{"line":35,"column":26}}]},"6":{"loc":{"start":{"line":35,"column":4},"end":{"line":35,"column":13}},"type":"binary-expr","locations":[{"start":{"line":35,"column":4},"end":{"line":35,"column":13}},{"start":{"line":35,"column":4},"end":{"line":35,"column":13}}]},"7":{"loc":{"start":{"line":36,"column":4},"end":{"line":36,"column":25}},"type":"cond-expr","locations":[{"start":{"line":36,"column":11},"end":{"line":36,"column":13}},{"start":{"line":36,"column":4},"end":{"line":36,"column":25}}]},"8":{"loc":{"start":{"line":36,"column":4},"end":{"line":36,"column":13}},"type":"binary-expr","locations":[{"start":{"line":36,"column":4},"end":{"line":36,"column":13}},{"start":{"line":36,"column":4},"end":{"line":36,"column":13}}]},"9":{"loc":{"start":{"line":42,"column":30},"end":{"line":44,"column":50}},"type":"cond-expr","locations":[{"start":{"line":43,"column":7},"end":{"line":43,"column":49}},{"start":{"line":44,"column":6},"end":{"line":44,"column":50}}]},"10":{"loc":{"start":{"line":44,"column":6},"end":{"line":44,"column":50}},"type":"binary-expr","locations":[{"start":{"line":44,"column":6},"end":{"line":44,"column":31}},{"start":{"line":44,"column":35},"end":{"line":44,"column":50}}]},"11":{"loc":{"start":{"line":44,"column":6},"end":{"line":44,"column":31}},"type":"cond-expr","locations":[{"start":{"line":44,"column":13},"end":{"line":44,"column":15}},{"start":{"line":44,"column":6},"end":{"line":44,"column":31}}]},"12":{"loc":{"start":{"line":44,"column":6},"end":{"line":44,"column":15}},"type":"binary-expr","locations":[{"start":{"line":44,"column":6},"end":{"line":44,"column":15}},{"start":{"line":44,"column":6},"end":{"line":44,"column":15}}]},"13":{"loc":{"start":{"line":47,"column":4},"end":{"line":47,"column":69}},"type":"binary-expr","locations":[{"start":{"line":47,"column":4},"end":{"line":47,"column":28}},{"start":{"line":47,"column":32},"end":{"line":47,"column":54}},{"start":{"line":47,"column":58},"end":{"line":47,"column":69}}]},"14":{"loc":{"start":{"line":47,"column":32},"end":{"line":47,"column":54}},"type":"cond-expr","locations":[{"start":{"line":47,"column":39},"end":{"line":47,"column":41}},{"start":{"line":47,"column":32},"end":{"line":47,"column":54}}]},"15":{"loc":{"start":{"line":47,"column":32},"end":{"line":47,"column":41}},"type":"binary-expr","locations":[{"start":{"line":47,"column":32},"end":{"line":47,"column":41}},{"start":{"line":47,"column":32},"end":{"line":47,"column":41}}]}},"s":{"0":2,"1":2,"2":2,"3":2,"4":2,"5":2,"6":0,"7":0,"8":0,"9":0,"10":0,"11":0,"12":0,"13":2,"14":2,"15":0,"16":2},"f":{"0":2,"1":0,"2":0},"b":{"0":[2,2],"1":[0,0,0],"2":[0,0],"3":[0,0],"4":[0,0,0,0],"5":[0,0],"6":[0,0],"7":[0,0],"8":[0,0],"9":[0,0],"10":[0,0],"11":[0,0],"12":[0,0],"13":[0,0,0],"14":[0,0],"15":[0,0]}}
,"E:\\Workdir\\Tasks\\Collaborative Task Manager\\backend\\src\\app\\helpers\\utils.helper.ts": {"path":"E:\\Workdir\\Tasks\\Collaborative Task Manager\\backend\\src\\app\\helpers\\utils.helper.ts","statementMap":{"0":{"start":{"line":6,"column":0},"end":{"line":6,"column":16}},"1":{"start":{"line":15,"column":0},"end":{"line":15,"column":16}},"2":{"start":{"line":31,"column":0},"end":{"line":31,"column":16}},"3":{"start":{"line":1,"column":0},"end":{"line":1,"column":72}},"4":{"start":{"line":2,"column":0},"end":{"line":2,"column":79}},"5":{"start":{"line":4,"column":0},"end":{"line":4,"column":41}},"6":{"start":{"line":10,"column":18},"end":{"line":10,"column":35}},"7":{"start":{"line":12,"column":2},"end":{"line":12,"column":63}},"8":{"start":{"line":22,"column":2},"end":{"line":28,"column":5}},"9":{"start":{"line":36,"column":2},"end":{"line":36,"column":44}}},"fnMap":{"0":{"name":"getAssignedUserChange","decl":{"start":{"line":6,"column":16},"end":{"line":6,"column":37}},"loc":{"start":{"line":8,"column":22},"end":{"line":13,"column":1}}},"1":{"name":"notifyUser","decl":{"start":{"line":15,"column":16},"end":{"line":15,"column":26}},"loc":{"start":{"line":20,"column":32},"end":{"line":29,"column":1}}},"2":{"name":"emitTaskEvent","decl":{"start":{"line":31,"column":16},"end":{"line":31,"column":29}},"loc":{"start":{"line":34,"column":16},"end":{"line":37,"column":1}}}},"branchMap":{"0":{"loc":{"start":{"line":12,"column":26},"end":{"line":12,"column":42}},"type":"cond-expr","locations":[{"start":{"line":12,"column":26},"end":{"line":12,"column":34}},{"start":{"line":12,"column":38},"end":{"line":12,"column":42}}]},"1":{"loc":{"start":{"line":12,"column":26},"end":{"line":12,"column":38}},"type":"binary-expr","locations":[{"start":{"line":12,"column":26},"end":{"line":12,"column":38}},{"start":{"line":12,"column":26},"end":{"line":12,"column":38}}]},"2":{"loc":{"start":{"line":12,"column":48},"end":{"line":12,"column":60}},"type":"cond-expr","locations":[{"start":{"line":12,"column":48},"end":{"line":12,"column":52}},{"start":{"line":12,"column":56},"end":{"line":12,"column":60}}]},"3":{"loc":{"start":{"line":12,"column":48},"end":{"line":12,"column":56}},"type":"binary-expr","locations":[{"start":{"line":12,"column":48},"end":{"line":12,"column":56}},{"start":{"line":12,"column":48},"end":{"line":12,"column":56}}]}},"s":{"0":1,"1":1,"2":1,"3":1,"4":1,"5":1,"6":1,"7":1,"8":0,"9":0},"f":{"0":1,"1":0,"2":0},"b":{"0":[1,0],"1":[1,1],"2":[1,0],"3":[1,1]}}
,"E:\\Workdir\\Tasks\\Collaborative Task Manager\\backend\\src\\app\\lib\\AppError.ts": {"path":"E:\\Workdir\\Tasks\\Collaborative Task Manager\\backend\\src\\app\\lib\\AppError.ts","statementMap":{"0":{"start":{"line":4,"column":4},"end":{"line":4,"column":19}},"1":{"start":{"line":5,"column":4},"end":{"line":5,"column":33}},"2":{"start":{"line":6,"column":4},"end":{"line":10,"column":5}},"3":{"start":{"line":7,"column":6},"end":{"line":7,"column":25}},"4":{"start":{"line":9,"column":6},"end":{"line":9,"column":54}},"5":{"start":{"line":14,"column":0},"end":{"line":14,"column":24}}},"fnMap":{"0":{"name":"(anonymous_0)","decl":{"start":{"line":3,"column":2},"end":{"line":3,"column":14}},"loc":{"start":{"line":3,"column":62},"end":{"line":11,"column":3}}}},"branchMap":{"0":{"loc":{"start":{"line":6,"column":4},"end":{"line":10,"column":5}},"type":"if","locations":[{"start":{"line":6,"column":4},"end":{"line":10,"column":5}},{"start":{"line":8,"column":11},"end":{"line":10,"column":5}}]}},"s":{"0":1,"1":1,"2":1,"3":0,"4":1,"5":2},"f":{"0":1},"b":{"0":[0,1]}}
,"E:\\Workdir\\Tasks\\Collaborative Task Manager\\backend\\src\\app\\lib\\constant.ts": {"path":"E:\\Workdir\\Tasks\\Collaborative Task Manager\\backend\\src\\app\\lib\\constant.ts","statementMap":{"0":{"start":{"line":1,"column":13},"end":{"line":1,"column":79}},"1":{"start":{"line":3,"column":13},"end":{"line":4,"column":67}}},"fnMap":{},"branchMap":{},"s":{"0":2,"1":2},"f":{},"b":{}}
,"E:\\Workdir\\Tasks\\Collaborative Task Manager\\backend\\src\\app\\lib\\http-status.ts": {"path":"E:\\Workdir\\Tasks\\Collaborative Task Manager\\backend\\src\\app\\lib\\http-status.ts","statementMap":{"0":{"start":{"line":1,"column":0},"end":{"line":1,"column":48}},"1":{"start":{"line":2,"column":19},"end":{"line":2,"column":30}},"2":{"start":{"line":4,"column":0},"end":{"line":4,"column":26}}},"fnMap":{},"branchMap":{},"s":{"0":2,"1":2,"2":2},"f":{},"b":{}}
,"E:\\Workdir\\Tasks\\Collaborative Task Manager\\backend\\src\\app\\lib\\pick.ts": {"path":"E:\\Workdir\\Tasks\\Collaborative Task Manager\\backend\\src\\app\\lib\\pick.ts","statementMap":{"0":{"start":{"line":1,"column":20},"end":{"line":12,"column":1}},"1":{"start":{"line":5,"column":31},"end":{"line":5,"column":33}},"2":{"start":{"line":6,"column":2},"end":{"line":10,"column":3}},"3":{"start":{"line":7,"column":4},"end":{"line":9,"column":5}},"4":{"start":{"line":8,"column":6},"end":{"line":8,"column":31}},"5":{"start":{"line":11,"column":2},"end":{"line":11,"column":18}},"6":{"start":{"line":1,"column":13},"end":{"line":1,"column":20}}},"fnMap":{"0":{"name":"(anonymous_0)","decl":{"start":{"line":1,"column":20},"end":{"line":1,"column":null}},"loc":{"start":{"line":4,"column":4},"end":{"line":12,"column":1}}}},"branchMap":{"0":{"loc":{"start":{"line":7,"column":4},"end":{"line":9,"column":5}},"type":"if","locations":[{"start":{"line":7,"column":4},"end":{"line":9,"column":5}},{"start":{},"end":{}}]},"1":{"loc":{"start":{"line":7,"column":8},"end":{"line":7,"column":63}},"type":"binary-expr","locations":[{"start":{"line":7,"column":8},"end":{"line":7,"column":11}},{"start":{"line":7,"column":15},"end":{"line":7,"column":51}},{"start":{"line":7,"column":55},"end":{"line":7,"column":63}}]}},"s":{"0":2,"1":0,"2":0,"3":0,"4":0,"5":0,"6":2},"f":{"0":0},"b":{"0":[0,0],"1":[0,0,0]}}
,"E:\\Workdir\\Tasks\\Collaborative Task Manager\\backend\\src\\app\\modules\\notification\\notification.repository.ts": {"path":"E:\\Workdir\\Tasks\\Collaborative Task Manager\\backend\\src\\app\\modules\\notification\\notification.repository.ts","statementMap":{"0":{"start":{"line":2,"column":0},"end":{"line":2,"column":38}},"1":{"start":{"line":6,"column":10},"end":{"line":6,"column":45}},"2":{"start":{"line":9,"column":4},"end":{"line":9,"column":52}},"3":{"start":{"line":13,"column":4},"end":{"line":13,"column":56}},"4":{"start":{"line":17,"column":53},"end":{"line":17,"column":67}},"5":{"start":{"line":19,"column":59},"end":{"line":19,"column":69}},"6":{"start":{"line":21,"column":26},"end":{"line":26,"column":6}},"7":{"start":{"line":28,"column":25},"end":{"line":28,"column":56}},"8":{"start":{"line":30,"column":17},"end":{"line":30,"column":46}},"9":{"start":{"line":32,"column":4},"end":{"line":32,"column":41}},"10":{"start":{"line":36,"column":4},"end":{"line":39,"column":7}},"11":{"start":{"line":43,"column":0},"end":{"line":43,"column":44}}},"fnMap":{"0":{"name":"(anonymous_7)","decl":{"start":{"line":5,"column":0},"end":{"line":5,"column":6}},"loc":{"start":{"line":5,"column":0},"end":{"line":41,"column":1}}},"1":{"name":"(anonymous_8)","decl":{"start":{"line":8,"column":8},"end":{"line":8,"column":14}},"loc":{"start":{"line":8,"column":60},"end":{"line":10,"column":null}}},"2":{"name":"(anonymous_10)","decl":{"start":{"line":12,"column":8},"end":{"line":12,"column":18}},"loc":{"start":{"line":12,"column":66},"end":{"line":14,"column":null}}},"3":{"name":"(anonymous_12)","decl":{"start":{"line":16,"column":8},"end":{"line":16,"column":29}},"loc":{"start":{"line":16,"column":76},"end":{"line":33,"column":null}}},"4":{"name":"(anonymous_14)","decl":{"start":{"line":35,"column":8},"end":{"line":35,"column":37}},"loc":{"start":{"line":35,"column":52},"end":{"line":40,"column":null}}}},"branchMap":{},"s":{"0":1,"1":1,"2":0,"3":0,"4":0,"5":0,"6":0,"7":0,"8":0,"9":0,"10":0,"11":1},"f":{"0":1,"1":0,"2":0,"3":0,"4":0},"b":{}}
,"E:\\Workdir\\Tasks\\Collaborative Task Manager\\backend\\src\\app\\modules\\notification\\notification.service.ts": {"path":"E:\\Workdir\\Tasks\\Collaborative Task Manager\\backend\\src\\app\\modules\\notification\\notification.service.ts","statementMap":{"0":{"start":{"line":1,"column":0},"end":{"line":1,"column":42}},"1":{"start":{"line":2,"column":0},"end":{"line":2,"column":47}},"2":{"start":{"line":4,"column":0},"end":{"line":4,"column":53}},"3":{"start":{"line":9,"column":0},"end":{"line":9,"column":63}},"4":{"start":{"line":10,"column":0},"end":{"line":10,"column":70}},"5":{"start":{"line":11,"column":0},"end":{"line":11,"column":68}},"6":{"start":{"line":16,"column":24},"end":{"line":16,"column":66}},"7":{"start":{"line":17,"column":4},"end":{"line":18,"column":65}},"8":{"start":{"line":18,"column":6},"end":{"line":18,"column":65}},"9":{"start":{"line":19,"column":4},"end":{"line":19,"column":56}},"10":{"start":{"line":26,"column":4},"end":{"line":29,"column":6}},"11":{"start":{"line":33,"column":4},"end":{"line":35,"column":6}},"12":{"start":{"line":39,"column":4},"end":{"line":41,"column":6}},"13":{"start":{"line":40,"column":26},"end":{"line":40,"column":54}},"14":{"start":{"line":43,"column":15},"end":{"line":43,"column":22}},"15":{"start":{"line":45,"column":22},"end":{"line":45,"column":48}},"16":{"start":{"line":47,"column":4},"end":{"line":52,"column":5}},"17":{"start":{"line":48,"column":6},"end":{"line":51,"column":9}},"18":{"start":{"line":56,"column":0},"end":{"line":56,"column":41}}},"fnMap":{"0":{"name":"(anonymous_8)","decl":{"start":{"line":14,"column":8},"end":{"line":14,"column":26}},"loc":{"start":{"line":14,"column":61},"end":{"line":20,"column":null}}},"1":{"name":"(anonymous_10)","decl":{"start":{"line":22,"column":8},"end":{"line":22,"column":28}},"loc":{"start":{"line":24,"column":40},"end":{"line":30,"column":null}}},"2":{"name":"(anonymous_12)","decl":{"start":{"line":32,"column":8},"end":{"line":32,"column":35}},"loc":{"start":{"line":32,"column":54},"end":{"line":36,"column":null}}},"3":{"name":"(anonymous_14)","decl":{"start":{"line":38,"column":8},"end":{"line":38,"column":28}},"loc":{"start":{"line":38,"column":77},"end":{"line":53,"column":null}}},"4":{"name":"(anonymous_16)","decl":{"start":{"line":40,"column":18},"end":{"line":40,"column":19}},"loc":{"start":{"line":40,"column":26},"end":{"line":40,"column":54}}}},"branchMap":{"0":{"loc":{"start":{"line":17,"column":4},"end":{"line":18,"column":65}},"type":"if","locations":[{"start":{"line":17,"column":4},"end":{"line":18,"column":65}},{"start":{},"end":{}}]},"1":{"loc":{"start":{"line":47,"column":4},"end":{"line":52,"column":5}},"type":"if","locations":[{"start":{"line":47,"column":4},"end":{"line":52,"column":5}},{"start":{},"end":{}}]}},"s":{"0":1,"1":1,"2":1,"3":1,"4":1,"5":1,"6":0,"7":0,"8":0,"9":0,"10":0,"11":0,"12":0,"13":0,"14":0,"15":0,"16":0,"17":0,"18":1},"f":{"0":0,"1":0,"2":0,"3":0,"4":0},"b":{"0":[0,0],"1":[0,0]}}
,"E:\\Workdir\\Tasks\\Collaborative Task Manager\\backend\\src\\app\\modules\\task\\task.repository.ts": {"path":"E:\\Workdir\\Tasks\\Collaborative Task Manager\\backend\\src\\app\\modules\\task\\task.repository.ts","statementMap":{"0":{"start":{"line":1,"column":0},"end":{"line":1,"column":52}},"1":{"start":{"line":2,"column":0},"end":{"line":2,"column":38}},"2":{"start":{"line":38,"column":10},"end":{"line":38,"column":29}},"3":{"start":{"line":13,"column":44},"end":{"line":13,"column":55}},"4":{"start":{"line":13,"column":39},"end":{"line":13,"column":44}},"5":{"start":{"line":15,"column":51},"end":{"line":15,"column":53}},"6":{"start":{"line":18,"column":4},"end":{"line":22,"column":5}},"7":{"start":{"line":19,"column":6},"end":{"line":21,"column":9}},"8":{"start":{"line":25,"column":30},"end":{"line":28,"column":null}},"9":{"start":{"line":27,"column":24},"end":{"line":27,"column":70}},"10":{"start":{"line":31,"column":4},"end":{"line":33,"column":5}},"11":{"start":{"line":32,"column":6},"end":{"line":32,"column":44}},"12":{"start":{"line":35,"column":4},"end":{"line":35,"column":25}},"13":{"start":{"line":41,"column":17},"end":{"line":41,"column":76}},"14":{"start":{"line":42,"column":4},"end":{"line":42,"column":18}},"15":{"start":{"line":46,"column":4},"end":{"line":46,"column":44}},"16":{"start":{"line":50,"column":4},"end":{"line":54,"column":null}},"17":{"start":{"line":53,"column":4},"end":{"line":53,"column":73}},"18":{"start":{"line":57,"column":4},"end":{"line":60,"column":7}},"19":{"start":{"line":64,"column":4},"end":{"line":64,"column":67}},"20":{"start":{"line":68,"column":4},"end":{"line":68,"column":61}},"21":{"start":{"line":72,"column":4},"end":{"line":106,"column":null}},"22":{"start":{"line":76,"column":53},"end":{"line":76,"column":67}},"23":{"start":{"line":78,"column":18},"end":{"line":83,"column":6}},"24":{"start":{"line":84,"column":17},"end":{"line":100,"column":6}},"25":{"start":{"line":102,"column":25},"end":{"line":102,"column":66}},"26":{"start":{"line":104,"column":17},"end":{"line":104,"column":46}},"27":{"start":{"line":105,"column":4},"end":{"line":105,"column":26}},"28":{"start":{"line":109,"column":4},"end":{"line":138,"column":null}},"29":{"start":{"line":113,"column":53},"end":{"line":113,"column":67}},"30":{"start":{"line":114,"column":18},"end":{"line":116,"column":6}},"31":{"start":{"line":117,"column":17},"end":{"line":133,"column":6}},"32":{"start":{"line":134,"column":25},"end":{"line":134,"column":66}},"33":{"start":{"line":136,"column":17},"end":{"line":136,"column":46}},"34":{"start":{"line":137,"column":4},"end":{"line":137,"column":26}},"35":{"start":{"line":141,"column":4},"end":{"line":186,"column":null}},"36":{"start":{"line":145,"column":34},"end":{"line":145,"column":48}},"37":{"start":{"line":147,"column":41},"end":{"line":154,"column":6}},"38":{"start":{"line":156,"column":17},"end":{"line":180,"column":6}},"39":{"start":{"line":182,"column":25},"end":{"line":182,"column":64}},"40":{"start":{"line":184,"column":17},"end":{"line":184,"column":46}},"41":{"start":{"line":185,"column":4},"end":{"line":185,"column":26}},"42":{"start":{"line":189,"column":4},"end":{"line":191,"column":7}},"43":{"start":{"line":194,"column":19},"end":{"line":196,"column":null}},"44":{"start":{"line":195,"column":4},"end":{"line":195,"column":44}},"45":{"start":{"line":199,"column":0},"end":{"line":199,"column":36}}},"fnMap":{"0":{"name":"(anonymous_8)","decl":{"start":{"line":9,"column":0},"end":{"line":9,"column":6}},"loc":{"start":{"line":9,"column":0},"end":{"line":197,"column":1}}},"1":{"name":"(anonymous_9)","decl":{"start":{"line":10,"column":10},"end":{"line":10,"column":33}},"loc":{"start":{"line":11,"column":33},"end":{"line":36,"column":3}}},"2":{"name":"(anonymous_10)","decl":{"start":{"line":27,"column":8},"end":{"line":27,"column":9}},"loc":{"start":{"line":27,"column":24},"end":{"line":27,"column":70}}},"3":{"name":"(anonymous_11)","decl":{"start":{"line":40,"column":8},"end":{"line":40,"column":19}},"loc":{"start":{"line":40,"column":30},"end":{"line":43,"column":null}}},"4":{"name":"(anonymous_13)","decl":{"start":{"line":45,"column":8},"end":{"line":45,"column":14}},"loc":{"start":{"line":45,"column":52},"end":{"line":47,"column":null}}},"5":{"name":"(anonymous_15)","decl":{"start":{"line":49,"column":8},"end":{"line":49,"column":16}},"loc":{"start":{"line":49,"column":16},"end":{"line":54,"column":null}}},"6":{"name":"(anonymous_16)","decl":{"start":{"line":50,"column":4},"end":{"line":50,"column":18}},"loc":{"start":{"line":51,"column":78},"end":{"line":54,"column":3}}},"7":{"name":"(anonymous_17)","decl":{"start":{"line":56,"column":8},"end":{"line":56,"column":29}},"loc":{"start":{"line":56,"column":44},"end":{"line":61,"column":null}}},"8":{"name":"(anonymous_19)","decl":{"start":{"line":63,"column":8},"end":{"line":63,"column":18}},"loc":{"start":{"line":63,"column":72},"end":{"line":65,"column":null}}},"9":{"name":"(anonymous_21)","decl":{"start":{"line":67,"column":8},"end":{"line":67,"column":18}},"loc":{"start":{"line":67,"column":33},"end":{"line":69,"column":null}}},"10":{"name":"(anonymous_23)","decl":{"start":{"line":71,"column":8},"end":{"line":71,"column":25}},"loc":{"start":{"line":71,"column":25},"end":{"line":106,"column":null}}},"11":{"name":"(anonymous_24)","decl":{"start":{"line":72,"column":4},"end":{"line":72,"column":18}},"loc":{"start":{"line":74,"column":34},"end":{"line":106,"column":3}}},"12":{"name":"(anonymous_25)","decl":{"start":{"line":108,"column":8},"end":{"line":108,"column":24}},"loc":{"start":{"line":108,"column":24},"end":{"line":138,"column":null}}},"13":{"name":"(anonymous_26)","decl":{"start":{"line":109,"column":4},"end":{"line":109,"column":18}},"loc":{"start":{"line":111,"column":34},"end":{"line":138,"column":3}}},"14":{"name":"(anonymous_27)","decl":{"start":{"line":140,"column":8},"end":{"line":140,"column":24}},"loc":{"start":{"line":140,"column":24},"end":{"line":186,"column":null}}},"15":{"name":"(anonymous_28)","decl":{"start":{"line":141,"column":4},"end":{"line":141,"column":18}},"loc":{"start":{"line":143,"column":34},"end":{"line":186,"column":3}}},"16":{"name":"(anonymous_29)","decl":{"start":{"line":188,"column":8},"end":{"line":188,"column":28}},"loc":{"start":{"line":188,"column":48},"end":{"line":192,"column":null}}},"17":{"name":"(anonymous_31)","decl":{"start":{"line":194,"column":8},"end":{"line":194,"column":18}},"loc":{"start":{"line":194,"column":18},"end":{"line":196,"column":null}}},"18":{"name":"(anonymous_32)","decl":{"start":{"line":194,"column":19},"end":{"line":194,"column":50}},"loc":{"start":{"line":194,"column":52},"end":{"line":196,"column":3}}}},"branchMap":{"0":{"loc":{"start":{"line":11,"column":4},"end":{"line":11,"column":33}},"type":"default-arg","locations":[{"start":{"line":11,"column":31},"end":{"line":11,"column":33}}]},"1":{"loc":{"start":{"line":18,"column":4},"end":{"line":22,"column":5}},"type":"if","locations":[{"start":{"line":18,"column":4},"end":{"line":22,"column":5}},{"start":{},"end":{}}]},"2":{"loc":{"start":{"line":27,"column":24},"end":{"line":27,"column":70}},"type":"binary-expr","locations":[{"start":{"line":27,"column":24},"end":{"line":27,"column":43}},{"start":{"line":27,"column":47},"end":{"line":27,"column":61}},{"start":{"line":27,"column":65},"end":{"line":27,"column":70}}]},"3":{"loc":{"start":{"line":31,"column":4},"end":{"line":33,"column":5}},"type":"if","locations":[{"start":{"line":31,"column":4},"end":{"line":33,"column":5}},{"start":{},"end":{}}]},"4":{"loc":{"start":{"line":51,"column":4},"end":{"line":51,"column":78}},"type":"default-arg","locations":[{"start":{"line":51,"column":76},"end":{"line":51,"column":78}}]},"5":{"loc":{"start":{"line":73,"column":4},"end":{"line":73,"column":37}},"type":"default-arg","locations":[{"start":{"line":73,"column":35},"end":{"line":73,"column":37}}]},"6":{"loc":{"start":{"line":110,"column":4},"end":{"line":110,"column":37}},"type":"default-arg","locations":[{"start":{"line":110,"column":35},"end":{"line":110,"column":37}}]},"7":{"loc":{"start":{"line":142,"column":4},"end":{"line":142,"column":37}},"type":"default-arg","locations":[{"start":{"line":142,"column":35},"end":{"line":142,"column":37}}]},"8":{"loc":{"start":{"line":194,"column":19},"end":{"line":194,"column":52}},"type":"default-arg","locations":[{"start":{"line":194,"column":50},"end":{"line":194,"column":52}}]}},"s":{"0":1,"1":1,"2":1,"3":0,"4":0,"5":0,"6":0,"7":0,"8":0,"9":0,"10":0,"11":0,"12":0,"13":0,"14":0,"15":0,"16":0,"17":0,"18":0,"19":0,"20":0,"21":0,"22":0,"23":0,"24":0,"25":0,"26":0,"27":0,"28":0,"29":0,"30":0,"31":0,"32":0,"33":0,"34":0,"35":0,"36":0,"37":0,"38":0,"39":0,"40":0,"41":0,"42":0,"43":0,"44":0,"45":1},"f":{"0":1,"1":0,"2":0,"3":0,"4":0,"5":0,"6":0,"7":0,"8":0,"9":0,"10":0,"11":0,"12":0,"13":0,"14":0,"15":0,"16":0,"17":0,"18":0},"b":{"0":[0],"1":[0,0],"2":[0,0,0],"3":[0,0],"4":[0],"5":[0],"6":[0],"7":[0],"8":[0]}}
,"E:\\Workdir\\Tasks\\Collaborative Task Manager\\backend\\src\\app\\modules\\task\\task.service.ts": {"path":"E:\\Workdir\\Tasks\\Collaborative Task Manager\\backend\\src\\app\\modules\\task\\task.service.ts","statementMap":{"0":{"start":{"line":1,"column":0},"end":{"line":1,"column":70}},"1":{"start":{"line":2,"column":0},"end":{"line":2,"column":42}},"2":{"start":{"line":3,"column":0},"end":{"line":3,"column":67}},"3":{"start":{"line":4,"column":0},"end":{"line":4,"column":47}},"4":{"start":{"line":6,"column":0},"end":{"line":6,"column":89}},"5":{"start":{"line":7,"column":0},"end":{"line":7,"column":53}},"6":{"start":{"line":13,"column":0},"end":{"line":13,"column":47}},"7":{"start":{"line":18,"column":30},"end":{"line":18,"column":75}},"8":{"start":{"line":19,"column":4},"end":{"line":21,"column":5}},"9":{"start":{"line":20,"column":6},"end":{"line":20,"column":77}},"10":{"start":{"line":24,"column":24},"end":{"line":26,"column":null}},"11":{"start":{"line":29,"column":4},"end":{"line":29,"column":33}},"12":{"start":{"line":38,"column":17},"end":{"line":38,"column":54}},"13":{"start":{"line":39,"column":4},"end":{"line":41,"column":5}},"14":{"start":{"line":40,"column":6},"end":{"line":40,"column":65}},"15":{"start":{"line":44,"column":22},"end":{"line":44,"column":52}},"16":{"start":{"line":45,"column":23},"end":{"line":45,"column":56}},"17":{"start":{"line":47,"column":4},"end":{"line":52,"column":5}},"18":{"start":{"line":48,"column":6},"end":{"line":51,"column":8}},"19":{"start":{"line":55,"column":27},"end":{"line":57,"column":null}},"20":{"start":{"line":60,"column":4},"end":{"line":65,"column":5}},"21":{"start":{"line":61,"column":21},"end":{"line":61,"column":72}},"22":{"start":{"line":62,"column":6},"end":{"line":64,"column":7}},"23":{"start":{"line":63,"column":8},"end":{"line":63,"column":76}},"24":{"start":{"line":68,"column":24},"end":{"line":68,"column":72}},"25":{"start":{"line":71,"column":4},"end":{"line":78,"column":5}},"26":{"start":{"line":72,"column":6},"end":{"line":77,"column":9}},"27":{"start":{"line":81,"column":4},"end":{"line":83,"column":null}},"28":{"start":{"line":88,"column":17},"end":{"line":88,"column":54}},"29":{"start":{"line":89,"column":4},"end":{"line":91,"column":5}},"30":{"start":{"line":90,"column":6},"end":{"line":90,"column":65}},"31":{"start":{"line":94,"column":4},"end":{"line":99,"column":5}},"32":{"start":{"line":95,"column":6},"end":{"line":98,"column":8}},"33":{"start":{"line":102,"column":24},"end":{"line":102,"column":63}},"34":{"start":{"line":104,"column":4},"end":{"line":104,"column":33}},"35":{"start":{"line":112,"column":4},"end":{"line":116,"column":6}},"36":{"start":{"line":124,"column":4},"end":{"line":128,"column":6}},"37":{"start":{"line":136,"column":19},"end":{"line":139,"column":null}},"38":{"start":{"line":142,"column":4},"end":{"line":142,"column":18}},"39":{"start":{"line":146,"column":0},"end":{"line":146,"column":33}}},"fnMap":{"0":{"name":"(anonymous_8)","decl":{"start":{"line":16,"column":8},"end":{"line":16,"column":18}},"loc":{"start":{"line":16,"column":65},"end":{"line":30,"column":null}}},"1":{"name":"(anonymous_10)","decl":{"start":{"line":32,"column":8},"end":{"line":32,"column":18}},"loc":{"start":{"line":35,"column":30},"end":{"line":85,"column":null}}},"2":{"name":"(anonymous_12)","decl":{"start":{"line":87,"column":8},"end":{"line":87,"column":18}},"loc":{"start":{"line":87,"column":53},"end":{"line":105,"column":null}}},"3":{"name":"(anonymous_14)","decl":{"start":{"line":107,"column":8},"end":{"line":107,"column":24}},"loc":{"start":{"line":110,"column":40},"end":{"line":117,"column":null}}},"4":{"name":"(anonymous_16)","decl":{"start":{"line":119,"column":8},"end":{"line":119,"column":23}},"loc":{"start":{"line":122,"column":40},"end":{"line":129,"column":null}}},"5":{"name":"(anonymous_18)","decl":{"start":{"line":131,"column":8},"end":{"line":131,"column":23}},"loc":{"start":{"line":134,"column":40},"end":{"line":143,"column":null}}}},"branchMap":{"0":{"loc":{"start":{"line":19,"column":4},"end":{"line":21,"column":5}},"type":"if","locations":[{"start":{"line":19,"column":4},"end":{"line":21,"column":5}},{"start":{},"end":{}}]},"1":{"loc":{"start":{"line":39,"column":4},"end":{"line":41,"column":5}},"type":"if","locations":[{"start":{"line":39,"column":4},"end":{"line":41,"column":5}},{"start":{},"end":{}}]},"2":{"loc":{"start":{"line":47,"column":4},"end":{"line":52,"column":5}},"type":"if","locations":[{"start":{"line":47,"column":4},"end":{"line":52,"column":5}},{"start":{},"end":{}}]},"3":{"loc":{"start":{"line":47,"column":8},"end":{"line":47,"column":33}},"type":"binary-expr","locations":[{"start":{"line":47,"column":8},"end":{"line":47,"column":18}},{"start":{"line":47,"column":22},"end":{"line":47,"column":33}}]},"4":{"loc":{"start":{"line":60,"column":4},"end":{"line":65,"column":5}},"type":"if","locations":[{"start":{"line":60,"column":4},"end":{"line":65,"column":5}},{"start":{},"end":{}}]},"5":{"loc":{"start":{"line":60,"column":8},"end":{"line":60,"column":51}},"type":"binary-expr","locations":[{"start":{"line":60,"column":8},"end":{"line":60,"column":30}},{"start":{"line":60,"column":34},"end":{"line":60,"column":51}}]},"6":{"loc":{"start":{"line":62,"column":6},"end":{"line":64,"column":7}},"type":"if","locations":[{"start":{"line":62,"column":6},"end":{"line":64,"column":7}},{"start":{},"end":{}}]},"7":{"loc":{"start":{"line":71,"column":4},"end":{"line":78,"column":5}},"type":"if","locations":[{"start":{"line":71,"column":4},"end":{"line":78,"column":5}},{"start":{},"end":{}}]},"8":{"loc":{"start":{"line":83,"column":10},"end":{"line":83,"column":64}},"type":"binary-expr","locations":[{"start":{"line":83,"column":10},"end":{"line":83,"column":32}},{"start":{"line":83,"column":36},"end":{"line":83,"column":64}}]},"9":{"loc":{"start":{"line":89,"column":4},"end":{"line":91,"column":5}},"type":"if","locations":[{"start":{"line":89,"column":4},"end":{"line":91,"column":5}},{"start":{},"end":{}}]},"10":{"loc":{"start":{"line":94,"column":4},"end":{"line":99,"column":5}},"type":"if","locations":[{"start":{"line":94,"column":4},"end":{"line":99,"column":5}},{"start":{},"end":{}}]}},"s":{"0":1,"1":1,"2":1,"3":1,"4":1,"5":1,"6":1,"7":1,"8":1,"9":0,"10":1,"11":1,"12":1,"13":1,"14":0,"15":1,"16":1,"17":1,"18":0,"19":1,"20":1,"21":1,"22":1,"23":0,"24":1,"25":1,"26":0,"27":1,"28":0,"29":0,"30":0,"31":0,"32":0,"33":0,"34":0,"35":0,"36":0,"37":0,"38":0,"39":1},"f":{"0":1,"1":1,"2":0,"3":0,"4":0,"5":0},"b":{"0":[0,1],"1":[0,1],"2":[0,1],"3":[1,0],"4":[1,0],"5":[1,1],"6":[0,1],"7":[0,1],"8":[1,1],"9":[0,0],"10":[0,0]}}
,"E:\\Workdir\\Tasks\\Collaborative Task Manager\\backend\\src\\app\\modules\\taskStatusAuditLog\\taskStatusAuditLog.repository.ts": {"path":"E:\\Workdir\\Tasks\\Collaborative Task Manager\\backend\\src\\app\\modules\\taskStatusAuditLog\\taskStatusAuditLog.repository.ts","statementMap":{"0":{"start":{"line":2,"column":0},"end":{"line":2,"column":38}},"1":{"start":{"line":5,"column":10},"end":{"line":5,"column":52}},"2":{"start":{"line":7,"column":4},"end":{"line":7,"column":53}},"3":{"start":{"line":11,"column":0},"end":{"line":11,"column":50}}},"fnMap":{"0":{"name":"(anonymous_7)","decl":{"start":{"line":4,"column":0},"end":{"line":4,"column":6}},"loc":{"start":{"line":4,"column":0},"end":{"line":9,"column":1}}},"1":{"name":"(anonymous_8)","decl":{"start":{"line":6,"column":8},"end":{"line":6,"column":14}},"loc":{"start":{"line":6,"column":66},"end":{"line":8,"column":null}}}},"branchMap":{},"s":{"0":1,"1":1,"2":0,"3":1},"f":{"0":1,"1":0},"b":{}}
,"E:\\Workdir\\Tasks\\Collaborative Task Manager\\backend\\src\\app\\modules\\taskStatusAuditLog\\taskStatusAuditLog.service.ts": {"path":"E:\\Workdir\\Tasks\\Collaborative Task Manager\\backend\\src\\app\\modules\\taskStatusAuditLog\\taskStatusAuditLog.service.ts","statementMap":{"0":{"start":{"line":2,"column":0},"end":{"line":2,"column":75}},"1":{"start":{"line":3,"column":0},"end":{"line":3,"column":76}},"2":{"start":{"line":8,"column":6},"end":{"line":9,"column":null}},"3":{"start":{"line":11,"column":4},"end":{"line":11,"column":30}},"4":{"start":{"line":11,"column":18},"end":{"line":11,"column":30}},"5":{"start":{"line":12,"column":4},"end":{"line":12,"column":62}},"6":{"start":{"line":16,"column":0},"end":{"line":16,"column":47}}},"fnMap":{"0":{"name":"(anonymous_8)","decl":{"start":{"line":6,"column":8},"end":{"line":6,"column":17}},"loc":{"start":{"line":6,"column":53},"end":{"line":13,"column":null}}}},"branchMap":{"0":{"loc":{"start":{"line":11,"column":4},"end":{"line":11,"column":30}},"type":"if","locations":[{"start":{"line":11,"column":4},"end":{"line":11,"column":30}},{"start":{},"end":{}}]}},"s":{"0":1,"1":1,"2":0,"3":0,"4":0,"5":0,"6":1},"f":{"0":0},"b":{"0":[0,0]}}
,"E:\\Workdir\\Tasks\\Collaborative Task Manager\\backend\\src\\app\\modules\\taskStatusAuditLog\\taskStatusAuditLog.validation.ts": {"path":"E:\\Workdir\\Tasks\\Collaborative Task Manager\\backend\\src\\app\\modules\\taskStatusAuditLog\\taskStatusAuditLog.validation.ts","statementMap":{"0":{"start":{"line":1,"column":0},"end":{"line":1,"column":44}},"1":{"start":{"line":2,"column":0},"end":{"line":2,"column":20}},"2":{"start":{"line":4,"column":13},"end":{"line":14,"column":5}},"3":{"start":{"line":11,"column":20},"end":{"line":11,"column":53}},"4":{"start":{"line":16,"column":38},"end":{"line":16,"column":67}},"5":{"start":{"line":18,"column":0},"end":{"line":18,"column":45}}},"fnMap":{"0":{"name":"(anonymous_1)","decl":{"start":{"line":11,"column":10},"end":{"line":11,"column":11}},"loc":{"start":{"line":11,"column":20},"end":{"line":11,"column":53}}}},"branchMap":{},"s":{"0":1,"1":1,"2":1,"3":0,"4":1,"5":1},"f":{"0":0},"b":{}}
,"E:\\Workdir\\Tasks\\Collaborative Task Manager\\backend\\src\\app\\modules\\user\\user.repository.ts": {"path":"E:\\Workdir\\Tasks\\Collaborative Task Manager\\backend\\src\\app\\modules\\user\\user.repository.ts","statementMap":{"0":{"start":{"line":2,"column":0},"end":{"line":2,"column":38}},"1":{"start":{"line":7,"column":10},"end":{"line":16,"column":4}},"2":{"start":{"line":18,"column":10},"end":{"line":18,"column":29}},"3":{"start":{"line":23,"column":44},"end":{"line":23,"column":55}},"4":{"start":{"line":23,"column":39},"end":{"line":23,"column":44}},"5":{"start":{"line":25,"column":51},"end":{"line":25,"column":53}},"6":{"start":{"line":28,"column":4},"end":{"line":32,"column":5}},"7":{"start":{"line":29,"column":6},"end":{"line":31,"column":9}},"8":{"start":{"line":35,"column":30},"end":{"line":38,"column":null}},"9":{"start":{"line":37,"column":24},"end":{"line":37,"column":70}},"10":{"start":{"line":41,"column":4},"end":{"line":43,"column":5}},"11":{"start":{"line":42,"column":6},"end":{"line":42,"column":44}},"12":{"start":{"line":45,"column":4},"end":{"line":45,"column":71}},"13":{"start":{"line":49,"column":4},"end":{"line":53,"column":null}},"14":{"start":{"line":52,"column":4},"end":{"line":52,"column":56}},"15":{"start":{"line":56,"column":4},"end":{"line":61,"column":null}},"16":{"start":{"line":60,"column":4},"end":{"line":60,"column":71}},"17":{"start":{"line":64,"column":17},"end":{"line":64,"column":76}},"18":{"start":{"line":65,"column":4},"end":{"line":65,"column":18}},"19":{"start":{"line":68,"column":17},"end":{"line":68,"column":79}},"20":{"start":{"line":69,"column":4},"end":{"line":69,"column":18}},"21":{"start":{"line":73,"column":17},"end":{"line":76,"column":6}},"22":{"start":{"line":77,"column":4},"end":{"line":77,"column":18}},"23":{"start":{"line":81,"column":4},"end":{"line":85,"column":null}},"24":{"start":{"line":84,"column":4},"end":{"line":84,"column":63}},"25":{"start":{"line":92,"column":53},"end":{"line":92,"column":67}},"26":{"start":{"line":94,"column":25},"end":{"line":96,"column":null}},"27":{"start":{"line":99,"column":18},"end":{"line":105,"column":6}},"28":{"start":{"line":107,"column":25},"end":{"line":107,"column":48}},"29":{"start":{"line":109,"column":17},"end":{"line":109,"column":46}},"30":{"start":{"line":111,"column":4},"end":{"line":111,"column":33}},"31":{"start":{"line":115,"column":0},"end":{"line":115,"column":36}}},"fnMap":{"0":{"name":"(anonymous_8)","decl":{"start":{"line":6,"column":0},"end":{"line":6,"column":6}},"loc":{"start":{"line":6,"column":0},"end":{"line":113,"column":1}}},"1":{"name":"(anonymous_9)","decl":{"start":{"line":20,"column":10},"end":{"line":20,"column":25}},"loc":{"start":{"line":21,"column":33},"end":{"line":46,"column":3}}},"2":{"name":"(anonymous_10)","decl":{"start":{"line":37,"column":8},"end":{"line":37,"column":9}},"loc":{"start":{"line":37,"column":24},"end":{"line":37,"column":70}}},"3":{"name":"(anonymous_11)","decl":{"start":{"line":48,"column":8},"end":{"line":48,"column":14}},"loc":{"start":{"line":48,"column":14},"end":{"line":53,"column":null}}},"4":{"name":"(anonymous_12)","decl":{"start":{"line":49,"column":4},"end":{"line":49,"column":41}},"loc":{"start":{"line":50,"column":78},"end":{"line":53,"column":3}}},"5":{"name":"(anonymous_13)","decl":{"start":{"line":55,"column":8},"end":{"line":55,"column":18}},"loc":{"start":{"line":55,"column":18},"end":{"line":61,"column":null}}},"6":{"name":"(anonymous_14)","decl":{"start":{"line":56,"column":4},"end":{"line":56,"column":14}},"loc":{"start":{"line":58,"column":78},"end":{"line":61,"column":3}}},"7":{"name":"(anonymous_15)","decl":{"start":{"line":63,"column":8},"end":{"line":63,"column":19}},"loc":{"start":{"line":63,"column":30},"end":{"line":66,"column":null}}},"8":{"name":"(anonymous_17)","decl":{"start":{"line":67,"column":8},"end":{"line":67,"column":22}},"loc":{"start":{"line":67,"column":36},"end":{"line":70,"column":null}}},"9":{"name":"(anonymous_19)","decl":{"start":{"line":72,"column":8},"end":{"line":72,"column":25}},"loc":{"start":{"line":72,"column":42},"end":{"line":78,"column":null}}},"10":{"name":"(anonymous_21)","decl":{"start":{"line":80,"column":8},"end":{"line":80,"column":16}},"loc":{"start":{"line":80,"column":16},"end":{"line":85,"column":null}}},"11":{"name":"(anonymous_22)","decl":{"start":{"line":81,"column":4},"end":{"line":81,"column":14}},"loc":{"start":{"line":82,"column":78},"end":{"line":85,"column":3}}},"12":{"name":"(anonymous_23)","decl":{"start":{"line":87,"column":8},"end":{"line":87,"column":24}},"loc":{"start":{"line":90,"column":34},"end":{"line":112,"column":null}}}},"branchMap":{"0":{"loc":{"start":{"line":21,"column":4},"end":{"line":21,"column":33}},"type":"default-arg","locations":[{"start":{"line":21,"column":31},"end":{"line":21,"column":33}}]},"1":{"loc":{"start":{"line":28,"column":4},"end":{"line":32,"column":5}},"type":"if","locations":[{"start":{"line":28,"column":4},"end":{"line":32,"column":5}},{"start":{},"end":{}}]},"2":{"loc":{"start":{"line":37,"column":24},"end":{"line":37,"column":70}},"type":"binary-expr","locations":[{"start":{"line":37,"column":24},"end":{"line":37,"column":43}},{"start":{"line":37,"column":47},"end":{"line":37,"column":61}},{"start":{"line":37,"column":65},"end":{"line":37,"column":70}}]},"3":{"loc":{"start":{"line":41,"column":4},"end":{"line":43,"column":5}},"type":"if","locations":[{"start":{"line":41,"column":4},"end":{"line":43,"column":5}},{"start":{},"end":{}}]},"4":{"loc":{"start":{"line":45,"column":17},"end":{"line":45,"column":67}},"type":"cond-expr","locations":[{"start":{"line":45,"column":40},"end":{"line":45,"column":62}},{"start":{"line":45,"column":65},"end":{"line":45,"column":67}}]},"5":{"loc":{"start":{"line":50,"column":4},"end":{"line":50,"column":78}},"type":"default-arg","locations":[{"start":{"line":50,"column":76},"end":{"line":50,"column":78}}]},"6":{"loc":{"start":{"line":58,"column":4},"end":{"line":58,"column":78}},"type":"default-arg","locations":[{"start":{"line":58,"column":76},"end":{"line":58,"column":78}}]},"7":{"loc":{"start":{"line":82,"column":4},"end":{"line":82,"column":78}},"type":"default-arg","locations":[{"start":{"line":82,"column":76},"end":{"line":82,"column":78}}]}},"s":{"0":2,"1":2,"2":2,"3":0,"4":0,"5":0,"6":0,"7":0,"8":0,"9":0,"10":0,"11":0,"12":0,"13":0,"14":0,"15":0,"16":0,"17":0,"18":0,"19":0,"20":0,"21":0,"22":0,"23":0,"24":0,"25":0,"26":0,"27":0,"28":0,"29":0,"30":0,"31":2},"f":{"0":2,"1":0,"2":0,"3":0,"4":0,"5":0,"6":0,"7":0,"8":0,"9":0,"10":0,"11":0,"12":0},"b":{"0":[0],"1":[0,0],"2":[0,0,0],"3":[0,0],"4":[0,0],"5":[0],"6":[0],"7":[0]}}
,"E:\\Workdir\\Tasks\\Collaborative Task Manager\\backend\\src\\app\\modules\\user\\user.service.ts": {"path":"E:\\Workdir\\Tasks\\Collaborative Task Manager\\backend\\src\\app\\modules\\user\\user.service.ts","statementMap":{"0":{"start":{"line":1,"column":0},"end":{"line":1,"column":56}},"1":{"start":{"line":2,"column":0},"end":{"line":2,"column":42}},"2":{"start":{"line":3,"column":0},"end":{"line":3,"column":47}},"3":{"start":{"line":11,"column":0},"end":{"line":11,"column":70}},"4":{"start":{"line":12,"column":0},"end":{"line":12,"column":47}},"5":{"start":{"line":16,"column":29},"end":{"line":16,"column":79}},"6":{"start":{"line":18,"column":4},"end":{"line":19,"column":74}},"7":{"start":{"line":19,"column":6},"end":{"line":19,"column":74}},"8":{"start":{"line":20,"column":32},"end":{"line":21,"column":null}},"9":{"start":{"line":24,"column":4},"end":{"line":28,"column":8}},"10":{"start":{"line":25,"column":6},"end":{"line":28,"column":8}},"11":{"start":{"line":31,"column":24},"end":{"line":44,"column":null}},"12":{"start":{"line":47,"column":4},"end":{"line":47,"column":40}},"13":{"start":{"line":47,"column":22},"end":{"line":47,"column":40}},"14":{"start":{"line":49,"column":4},"end":{"line":49,"column":23}},"15":{"start":{"line":53,"column":17},"end":{"line":65,"column":6}},"16":{"start":{"line":67,"column":4},"end":{"line":67,"column":74}},"17":{"start":{"line":67,"column":15},"end":{"line":67,"column":74}},"18":{"start":{"line":68,"column":4},"end":{"line":68,"column":16}},"19":{"start":{"line":75,"column":4},"end":{"line":86,"column":7}},"20":{"start":{"line":94,"column":4},"end":{"line":98,"column":6}},"21":{"start":{"line":102,"column":0},"end":{"line":102,"column":33}}},"fnMap":{"0":{"name":"(anonymous_8)","decl":{"start":{"line":15,"column":8},"end":{"line":15,"column":18}},"loc":{"start":{"line":15,"column":45},"end":{"line":50,"column":null}}},"1":{"name":"(anonymous_10)","decl":{"start":{"line":52,"column":8},"end":{"line":52,"column":28}},"loc":{"start":{"line":52,"column":47},"end":{"line":69,"column":null}}},"2":{"name":"(anonymous_12)","decl":{"start":{"line":71,"column":8},"end":{"line":71,"column":25}},"loc":{"start":{"line":73,"column":37},"end":{"line":87,"column":null}}},"3":{"name":"(anonymous_14)","decl":{"start":{"line":89,"column":8},"end":{"line":89,"column":29}},"loc":{"start":{"line":92,"column":40},"end":{"line":99,"column":null}}}},"branchMap":{"0":{"loc":{"start":{"line":18,"column":4},"end":{"line":19,"column":74}},"type":"if","locations":[{"start":{"line":18,"column":4},"end":{"line":19,"column":74}},{"start":{},"end":{}}]},"1":{"loc":{"start":{"line":24,"column":4},"end":{"line":28,"column":8}},"type":"if","locations":[{"start":{"line":24,"column":4},"end":{"line":28,"column":8}},{"start":{},"end":{}}]},"2":{"loc":{"start":{"line":47,"column":4},"end":{"line":47,"column":40}},"type":"if","locations":[{"start":{"line":47,"column":4},"end":{"line":47,"column":40}},{"start":{},"end":{}}]},"3":{"loc":{"start":{"line":67,"column":4},"end":{"line":67,"column":74}},"type":"if","locations":[{"start":{"line":67,"column":4},"end":{"line":67,"column":74}},{"start":{},"end":{}}]}},"s":{"0":1,"1":1,"2":1,"3":1,"4":1,"5":2,"6":2,"7":1,"8":1,"9":1,"10":0,"11":1,"12":1,"13":0,"14":1,"15":0,"16":0,"17":0,"18":0,"19":1,"20":0,"21":1},"f":{"0":2,"1":0,"2":1,"3":0},"b":{"0":[1,1],"1":[0,1],"2":[0,1],"3":[0,0]}}
,"E:\\Workdir\\Tasks\\Collaborative Task Manager\\backend\\src\\app\\prisma\\index.ts": {"path":"E:\\Workdir\\Tasks\\Collaborative Task Manager\\backend\\src\\app\\prisma\\index.ts","statementMap":{"0":{"start":{"line":1,"column":0},"end":{"line":1,"column":23}},"1":{"start":{"line":2,"column":0},"end":{"line":2,"column":46}},"2":{"start":{"line":3,"column":0},"end":{"line":3,"column":46}},"3":{"start":{"line":5,"column":25},"end":{"line":5,"column":54}},"4":{"start":{"line":7,"column":16},"end":{"line":7,"column":50}},"5":{"start":{"line":8,"column":15},"end":{"line":8,"column":44}},"6":{"start":{"line":10,"column":9},"end":{"line":10,"column":15}}},"fnMap":{},"branchMap":{},"s":{"0":2,"1":2,"2":2,"3":2,"4":2,"5":2,"6":2},"f":{},"b":{}}
,"E:\\Workdir\\Tasks\\Collaborative Task Manager\\backend\\src\\app\\socket\\socketStore.ts": {"path":"E:\\Workdir\\Tasks\\Collaborative Task Manager\\backend\\src\\app\\socket\\socketStore.ts","statementMap":{"0":{"start":{"line":10,"column":0},"end":{"line":10,"column":16}},"1":{"start":{"line":17,"column":0},"end":{"line":17,"column":16}},"2":{"start":{"line":27,"column":0},"end":{"line":27,"column":16}},"3":{"start":{"line":30,"column":0},"end":{"line":30,"column":16}},"4":{"start":{"line":43,"column":0},"end":{"line":43,"column":16}},"5":{"start":{"line":47,"column":0},"end":{"line":47,"column":16}},"6":{"start":{"line":4,"column":24},"end":{"line":4,"column":28}},"7":{"start":{"line":8,"column":24},"end":{"line":8,"column":33}},"8":{"start":{"line":11,"column":2},"end":{"line":13,"column":3}},"9":{"start":{"line":12,"column":4},"end":{"line":12,"column":33}},"10":{"start":{"line":14,"column":2},"end":{"line":14,"column":35}},"11":{"start":{"line":18,"column":18},"end":{"line":18,"column":35}},"12":{"start":{"line":19,"column":2},"end":{"line":19,"column":23}},"13":{"start":{"line":19,"column":16},"end":{"line":19,"column":23}},"14":{"start":{"line":21,"column":2},"end":{"line":21,"column":27}},"15":{"start":{"line":22,"column":2},"end":{"line":24,"column":3}},"16":{"start":{"line":23,"column":4},"end":{"line":23,"column":25}},"17":{"start":{"line":28,"column":2},"end":{"line":28,"column":45}},"18":{"start":{"line":31,"column":24},"end":{"line":31,"column":52}},"19":{"start":{"line":33,"column":30},"end":{"line":33,"column":32}},"20":{"start":{"line":35,"column":2},"end":{"line":38,"column":5}},"21":{"start":{"line":36,"column":16},"end":{"line":36,"column":33}},"22":{"start":{"line":37,"column":4},"end":{"line":37,"column":36}},"23":{"start":{"line":37,"column":13},"end":{"line":37,"column":36}},"24":{"start":{"line":40,"column":2},"end":{"line":40,"column":40}},"25":{"start":{"line":44,"column":2},"end":{"line":44,"column":27}},"26":{"start":{"line":48,"column":2},"end":{"line":51,"column":6}},"27":{"start":{"line":48,"column":67},"end":{"line":51,"column":4}},"28":{"start":{"line":54,"column":21},"end":{"line":57,"column":1}},"29":{"start":{"line":55,"column":2},"end":{"line":55,"column":18}},"30":{"start":{"line":56,"column":2},"end":{"line":56,"column":18}},"31":{"start":{"line":54,"column":13},"end":{"line":54,"column":21}},"32":{"start":{"line":59,"column":21},"end":{"line":64,"column":1}},"33":{"start":{"line":60,"column":2},"end":{"line":62,"column":3}},"34":{"start":{"line":61,"column":4},"end":{"line":61,"column":49}},"35":{"start":{"line":63,"column":2},"end":{"line":63,"column":12}},"36":{"start":{"line":59,"column":13},"end":{"line":59,"column":21}}},"fnMap":{"0":{"name":"addUserSocket","decl":{"start":{"line":10,"column":16},"end":{"line":10,"column":29}},"loc":{"start":{"line":10,"column":62},"end":{"line":15,"column":1}}},"1":{"name":"removeUserSocket","decl":{"start":{"line":17,"column":16},"end":{"line":17,"column":32}},"loc":{"start":{"line":17,"column":65},"end":{"line":25,"column":1}}},"2":{"name":"getUserSocketIds","decl":{"start":{"line":27,"column":16},"end":{"line":27,"column":32}},"loc":{"start":{"line":27,"column":47},"end":{"line":29,"column":1}}},"3":{"name":"getUsersSocketIds","decl":{"start":{"line":30,"column":16},"end":{"line":30,"column":33}},"loc":{"start":{"line":30,"column":51},"end":{"line":41,"column":1}}},"4":{"name":"(anonymous_4)","decl":{"start":{"line":35,"column":24},"end":{"line":35,"column":25}},"loc":{"start":{"line":35,"column":35},"end":{"line":38,"column":3}}},"5":{"name":"isUserConnected","decl":{"start":{"line":43,"column":16},"end":{"line":43,"column":31}},"loc":{"start":{"line":43,"column":46},"end":{"line":45,"column":1}}},"6":{"name":"getAllConnectedUsers","decl":{"start":{"line":47,"column":16},"end":{"line":47,"column":36}},"loc":{"start":{"line":47,"column":36},"end":{"line":52,"column":1}}},"7":{"name":"(anonymous_7)","decl":{"start":{"line":48,"column":41},"end":{"line":48,"column":42}},"loc":{"start":{"line":48,"column":67},"end":{"line":51,"column":4}}},"8":{"name":"(anonymous_8)","decl":{"start":{"line":54,"column":21},"end":{"line":54,"column":22}},"loc":{"start":{"line":54,"column":44},"end":{"line":57,"column":1}}},"9":{"name":"(anonymous_9)","decl":{"start":{"line":59,"column":21},"end":{"line":59,"column":32}},"loc":{"start":{"line":59,"column":34},"end":{"line":64,"column":1}}}},"branchMap":{"0":{"loc":{"start":{"line":11,"column":2},"end":{"line":13,"column":3}},"type":"if","locations":[{"start":{"line":11,"column":2},"end":{"line":13,"column":3}},{"start":{},"end":{}}]},"1":{"loc":{"start":{"line":14,"column":2},"end":{"line":14,"column":34}},"type":"cond-expr","locations":[{"start":{"line":14,"column":19},"end":{"line":14,"column":21}},{"start":{"line":14,"column":19},"end":{"line":14,"column":34}}]},"2":{"loc":{"start":{"line":14,"column":2},"end":{"line":14,"column":21}},"type":"binary-expr","locations":[{"start":{"line":14,"column":2},"end":{"line":14,"column":21}},{"start":{"line":14,"column":19},"end":{"line":14,"column":21}}]},"3":{"loc":{"start":{"line":19,"column":2},"end":{"line":19,"column":23}},"type":"if","locations":[{"start":{"line":19,"column":2},"end":{"line":19,"column":23}},{"start":{},"end":{}}]},"4":{"loc":{"start":{"line":22,"column":2},"end":{"line":24,"column":3}},"type":"if","locations":[{"start":{"line":22,"column":2},"end":{"line":24,"column":3}},{"start":{},"end":{}}]},"5":{"loc":{"start":{"line":28,"column":20},"end":{"line":28,"column":43}},"type":"cond-expr","locations":[{"start":{"line":28,"column":37},"end":{"line":28,"column":41}},{"start":{"line":28,"column":41},"end":{"line":28,"column":43}}]},"6":{"loc":{"start":{"line":28,"column":20},"end":{"line":28,"column":41}},"type":"binary-expr","locations":[{"start":{"line":28,"column":20},"end":{"line":28,"column":41}},{"start":{"line":28,"column":37},"end":{"line":28,"column":41}}]},"7":{"loc":{"start":{"line":37,"column":4},"end":{"line":37,"column":36}},"type":"if","locations":[{"start":{"line":37,"column":4},"end":{"line":37,"column":36}},{"start":{},"end":{}}]},"8":{"loc":{"start":{"line":60,"column":2},"end":{"line":62,"column":3}},"type":"if","locations":[{"start":{"line":60,"column":2},"end":{"line":62,"column":3}},{"start":{},"end":{}}]}},"s":{"0":1,"1":1,"2":1,"3":1,"4":1,"5":1,"6":1,"7":1,"8":0,"9":0,"10":0,"11":0,"12":0,"13":0,"14":0,"15":0,"16":0,"17":0,"18":0,"19":0,"20":0,"21":0,"22":0,"23":0,"24":0,"25":0,"26":0,"27":0,"28":1,"29":0,"30":0,"31":1,"32":1,"33":0,"34":0,"35":0,"36":1},"f":{"0":0,"1":0,"2":0,"3":0,"4":0,"5":0,"6":0,"7":0,"8":0,"9":0},"b":{"0":[0,0],"1":[0,0],"2":[0,0],"3":[0,0],"4":[0,0],"5":[0,0],"6":[0,0],"7":[0,0],"8":[0,0]}}
}
