TN:
SF:src\app\helpers\bycrypt.helper.ts
FN:3,hash
FN:7,compare
FNF:2
FNH:0
FNDA:0,hash
FNDA:0,compare
DA:1,1
DA:4,0
DA:8,0
DA:11,1
DA:13,1
LF:5
LH:3
BRDA:3,0,0,0
BRF:1
BRH:0
end_of_record
TN:
SF:src\app\helpers\io.hepler.ts
FN:3,emitToUsers
FN:13,emitToUser
FNF:2
FNH:0
FNDA:0,emitToUsers
FNDA:0,emitToUser
DA:1,1
DA:3,1
DA:4,0
DA:6,0
DA:8,0
DA:9,0
DA:10,0
DA:13,1
DA:14,0
DA:16,0
DA:18,0
DA:20,0
DA:21,0
LF:13
LH:3
BRDA:6,0,0,0
BRDA:6,0,1,0
BRDA:6,1,0,0
BRDA:6,1,1,0
BRDA:9,2,0,0
BRDA:9,2,1,0
BRDA:16,3,0,0
BRDA:16,3,1,0
BRDA:20,4,0,0
BRDA:20,4,1,0
BRF:10
BRH:0
end_of_record
TN:
SF:src\app\helpers\pagination.helper.ts
FN:5,(anonymous_0)
FN:26,(anonymous_1)
FN:55,(anonymous_2)
FNF:3
FNH:1
FNDA:2,(anonymous_0)
FNDA:0,(anonymous_1)
FNDA:0,(anonymous_2)
DA:2,2
DA:3,2
DA:5,2
DA:6,2
DA:7,2
DA:26,2
DA:32,0
DA:34,0
DA:39,0
DA:42,0
DA:47,0
DA:49,0
DA:51,0
DA:55,2
DA:58,0
LF:15
LH:7
BRDA:5,0,0,2
BRDA:5,0,1,2
BRDA:32,1,0,0
BRDA:32,1,1,0
BRDA:32,1,2,0
BRDA:32,2,0,0
BRDA:32,2,1,0
BRDA:32,3,0,0
BRDA:32,3,1,0
BRDA:34,4,0,0
BRDA:34,4,1,0
BRDA:34,4,2,0
BRDA:34,4,3,0
BRDA:35,5,0,0
BRDA:35,5,1,0
BRDA:35,6,0,0
BRDA:35,6,1,0
BRDA:36,7,0,0
BRDA:36,7,1,0
BRDA:36,8,0,0
BRDA:36,8,1,0
BRDA:42,9,0,0
BRDA:42,9,1,0
BRDA:44,10,0,0
BRDA:44,10,1,0
BRDA:44,11,0,0
BRDA:44,11,1,0
BRDA:44,12,0,0
BRDA:44,12,1,0
BRDA:47,13,0,0
BRDA:47,13,1,0
BRDA:47,13,2,0
BRDA:47,14,0,0
BRDA:47,14,1,0
BRDA:47,15,0,0
BRDA:47,15,1,0
BRF:36
BRH:2
end_of_record
TN:
SF:src\app\helpers\utils.helper.ts
FN:6,getAssignedUserChange
FN:15,notifyUser
FN:31,emitTaskEvent
FNF:3
FNH:1
FNDA:1,getAssignedUserChange
FNDA:0,notifyUser
FNDA:0,emitTaskEvent
DA:1,1
DA:2,1
DA:4,1
DA:6,1
DA:10,1
DA:12,1
DA:15,1
DA:22,0
DA:31,1
DA:36,0
LF:10
LH:8
BRDA:12,0,0,1
BRDA:12,0,1,0
BRDA:12,1,0,1
BRDA:12,1,1,1
BRDA:12,2,0,1
BRDA:12,2,1,0
BRDA:12,3,0,1
BRDA:12,3,1,1
BRF:8
BRH:6
end_of_record
TN:
SF:src\app\lib\AppError.ts
FN:3,(anonymous_0)
FNF:1
FNH:1
FNDA:1,(anonymous_0)
DA:4,1
DA:5,1
DA:6,1
DA:7,0
DA:9,1
DA:14,2
LF:6
LH:5
BRDA:6,0,0,0
BRDA:6,0,1,1
BRF:2
BRH:1
end_of_record
TN:
SF:src\app\lib\constant.ts
FNF:0
FNH:0
DA:1,2
DA:3,2
LF:2
LH:2
BRF:0
BRH:0
end_of_record
TN:
SF:src\app\lib\http-status.ts
FNF:0
FNH:0
DA:1,2
DA:2,2
DA:4,2
LF:3
LH:3
BRF:0
BRH:0
end_of_record
TN:
SF:src\app\lib\pick.ts
FN:1,(anonymous_0)
FNF:1
FNH:0
FNDA:0,(anonymous_0)
DA:1,2
DA:5,0
DA:6,0
DA:7,0
DA:8,0
DA:11,0
LF:6
LH:1
BRDA:7,0,0,0
BRDA:7,0,1,0
BRDA:7,1,0,0
BRDA:7,1,1,0
BRDA:7,1,2,0
BRF:5
BRH:0
end_of_record
TN:
SF:src\app\modules\notification\notification.repository.ts
FN:5,(anonymous_7)
FN:8,(anonymous_8)
FN:12,(anonymous_10)
FN:16,(anonymous_12)
FN:35,(anonymous_14)
FNF:5
FNH:1
FNDA:1,(anonymous_7)
FNDA:0,(anonymous_8)
FNDA:0,(anonymous_10)
FNDA:0,(anonymous_12)
FNDA:0,(anonymous_14)
DA:2,1
DA:6,1
DA:9,0
DA:13,0
DA:17,0
DA:19,0
DA:21,0
DA:28,0
DA:30,0
DA:32,0
DA:36,0
DA:43,1
LF:12
LH:3
BRF:0
BRH:0
end_of_record
TN:
SF:src\app\modules\notification\notification.service.ts
FN:14,(anonymous_8)
FN:22,(anonymous_10)
FN:32,(anonymous_12)
FN:38,(anonymous_14)
FN:40,(anonymous_16)
FNF:5
FNH:0
FNDA:0,(anonymous_8)
FNDA:0,(anonymous_10)
FNDA:0,(anonymous_12)
FNDA:0,(anonymous_14)
FNDA:0,(anonymous_16)
DA:1,1
DA:2,1
DA:4,1
DA:9,1
DA:10,1
DA:11,1
DA:16,0
DA:17,0
DA:18,0
DA:19,0
DA:26,0
DA:33,0
DA:39,0
DA:40,0
DA:43,0
DA:45,0
DA:47,0
DA:48,0
DA:56,1
LF:19
LH:7
BRDA:17,0,0,0
BRDA:17,0,1,0
BRDA:47,1,0,0
BRDA:47,1,1,0
BRF:4
BRH:0
end_of_record
TN:
SF:src\app\modules\task\task.repository.ts
FN:9,(anonymous_8)
FN:10,(anonymous_9)
FN:27,(anonymous_10)
FN:40,(anonymous_11)
FN:45,(anonymous_13)
FN:49,(anonymous_15)
FN:50,(anonymous_16)
FN:56,(anonymous_17)
FN:63,(anonymous_19)
FN:67,(anonymous_21)
FN:71,(anonymous_23)
FN:72,(anonymous_24)
FN:108,(anonymous_25)
FN:109,(anonymous_26)
FN:140,(anonymous_27)
FN:141,(anonymous_28)
FN:188,(anonymous_29)
FN:194,(anonymous_31)
FN:194,(anonymous_32)
FNF:19
FNH:1
FNDA:1,(anonymous_8)
FNDA:0,(anonymous_9)
FNDA:0,(anonymous_10)
FNDA:0,(anonymous_11)
FNDA:0,(anonymous_13)
FNDA:0,(anonymous_15)
FNDA:0,(anonymous_16)
FNDA:0,(anonymous_17)
FNDA:0,(anonymous_19)
FNDA:0,(anonymous_21)
FNDA:0,(anonymous_23)
FNDA:0,(anonymous_24)
FNDA:0,(anonymous_25)
FNDA:0,(anonymous_26)
FNDA:0,(anonymous_27)
FNDA:0,(anonymous_28)
FNDA:0,(anonymous_29)
FNDA:0,(anonymous_31)
FNDA:0,(anonymous_32)
DA:1,1
DA:2,1
DA:13,0
DA:15,0
DA:18,0
DA:19,0
DA:25,0
DA:27,0
DA:31,0
DA:32,0
DA:35,0
DA:38,1
DA:41,0
DA:42,0
DA:46,0
DA:50,0
DA:53,0
DA:57,0
DA:64,0
DA:68,0
DA:72,0
DA:76,0
DA:78,0
DA:84,0
DA:102,0
DA:104,0
DA:105,0
DA:109,0
DA:113,0
DA:114,0
DA:117,0
DA:134,0
DA:136,0
DA:137,0
DA:141,0
DA:145,0
DA:147,0
DA:156,0
DA:182,0
DA:184,0
DA:185,0
DA:189,0
DA:194,0
DA:195,0
DA:199,1
LF:45
LH:4
BRDA:11,0,0,0
BRDA:18,1,0,0
BRDA:18,1,1,0
BRDA:27,2,0,0
BRDA:27,2,1,0
BRDA:27,2,2,0
BRDA:31,3,0,0
BRDA:31,3,1,0
BRDA:51,4,0,0
BRDA:73,5,0,0
BRDA:110,6,0,0
BRDA:142,7,0,0
BRDA:194,8,0,0
BRF:13
BRH:0
end_of_record
TN:
SF:src\app\modules\task\task.service.ts
FN:16,(anonymous_8)
FN:32,(anonymous_10)
FN:87,(anonymous_12)
FN:107,(anonymous_14)
FN:119,(anonymous_16)
FN:131,(anonymous_18)
FNF:6
FNH:2
FNDA:1,(anonymous_8)
FNDA:1,(anonymous_10)
FNDA:0,(anonymous_12)
FNDA:0,(anonymous_14)
FNDA:0,(anonymous_16)
FNDA:0,(anonymous_18)
DA:1,1
DA:2,1
DA:3,1
DA:4,1
DA:6,1
DA:7,1
DA:13,1
DA:18,1
DA:19,1
DA:20,0
DA:24,1
DA:29,1
DA:38,1
DA:39,1
DA:40,0
DA:44,1
DA:45,1
DA:47,1
DA:48,0
DA:55,1
DA:60,1
DA:61,1
DA:62,1
DA:63,0
DA:68,1
DA:71,1
DA:72,0
DA:81,1
DA:88,0
DA:89,0
DA:90,0
DA:94,0
DA:95,0
DA:102,0
DA:104,0
DA:112,0
DA:124,0
DA:136,0
DA:142,0
DA:146,1
LF:40
LH:24
BRDA:19,0,0,0
BRDA:19,0,1,1
BRDA:39,1,0,0
BRDA:39,1,1,1
BRDA:47,2,0,0
BRDA:47,2,1,1
BRDA:47,3,0,1
BRDA:47,3,1,0
BRDA:60,4,0,1
BRDA:60,4,1,0
BRDA:60,5,0,1
BRDA:60,5,1,1
BRDA:62,6,0,0
BRDA:62,6,1,1
BRDA:71,7,0,0
BRDA:71,7,1,1
BRDA:83,8,0,1
BRDA:83,8,1,1
BRDA:89,9,0,0
BRDA:89,9,1,0
BRDA:94,10,0,0
BRDA:94,10,1,0
BRF:22
BRH:11
end_of_record
TN:
SF:src\app\modules\taskStatusAuditLog\taskStatusAuditLog.repository.ts
FN:4,(anonymous_7)
FN:6,(anonymous_8)
FNF:2
FNH:1
FNDA:1,(anonymous_7)
FNDA:0,(anonymous_8)
DA:2,1
DA:5,1
DA:7,0
DA:11,1
LF:4
LH:3
BRF:0
BRH:0
end_of_record
TN:
SF:src\app\modules\taskStatusAuditLog\taskStatusAuditLog.service.ts
FN:6,(anonymous_8)
FNF:1
FNH:0
FNDA:0,(anonymous_8)
DA:2,1
DA:3,1
DA:8,0
DA:11,0
DA:12,0
DA:16,1
LF:6
LH:3
BRDA:11,0,0,0
BRDA:11,0,1,0
BRF:2
BRH:0
end_of_record
TN:
SF:src\app\modules\taskStatusAuditLog\taskStatusAuditLog.validation.ts
FN:11,(anonymous_1)
FNF:1
FNH:0
FNDA:0,(anonymous_1)
DA:1,1
DA:2,1
DA:4,1
DA:11,0
DA:16,1
DA:18,1
LF:6
LH:5
BRF:0
BRH:0
end_of_record
TN:
SF:src\app\modules\user\user.repository.ts
FN:6,(anonymous_8)
FN:20,(anonymous_9)
FN:37,(anonymous_10)
FN:48,(anonymous_11)
FN:49,(anonymous_12)
FN:55,(anonymous_13)
FN:56,(anonymous_14)
FN:63,(anonymous_15)
FN:67,(anonymous_17)
FN:72,(anonymous_19)
FN:80,(anonymous_21)
FN:81,(anonymous_22)
FN:87,(anonymous_23)
FNF:13
FNH:1
FNDA:2,(anonymous_8)
FNDA:0,(anonymous_9)
FNDA:0,(anonymous_10)
FNDA:0,(anonymous_11)
FNDA:0,(anonymous_12)
FNDA:0,(anonymous_13)
FNDA:0,(anonymous_14)
FNDA:0,(anonymous_15)
FNDA:0,(anonymous_17)
FNDA:0,(anonymous_19)
FNDA:0,(anonymous_21)
FNDA:0,(anonymous_22)
FNDA:0,(anonymous_23)
DA:2,2
DA:7,2
DA:18,2
DA:23,0
DA:25,0
DA:28,0
DA:29,0
DA:35,0
DA:37,0
DA:41,0
DA:42,0
DA:45,0
DA:49,0
DA:52,0
DA:56,0
DA:60,0
DA:64,0
DA:65,0
DA:68,0
DA:69,0
DA:73,0
DA:77,0
DA:81,0
DA:84,0
DA:92,0
DA:94,0
DA:99,0
DA:107,0
DA:109,0
DA:111,0
DA:115,2
LF:31
LH:4
BRDA:21,0,0,0
BRDA:28,1,0,0
BRDA:28,1,1,0
BRDA:37,2,0,0
BRDA:37,2,1,0
BRDA:37,2,2,0
BRDA:41,3,0,0
BRDA:41,3,1,0
BRDA:45,4,0,0
BRDA:45,4,1,0
BRDA:50,5,0,0
BRDA:58,6,0,0
BRDA:82,7,0,0
BRF:13
BRH:0
end_of_record
TN:
SF:src\app\modules\user\user.service.ts
FN:15,(anonymous_8)
FN:52,(anonymous_10)
FN:71,(anonymous_12)
FN:89,(anonymous_14)
FNF:4
FNH:2
FNDA:2,(anonymous_8)
FNDA:0,(anonymous_10)
FNDA:1,(anonymous_12)
FNDA:0,(anonymous_14)
DA:1,1
DA:2,1
DA:3,1
DA:11,1
DA:12,1
DA:16,2
DA:18,2
DA:19,1
DA:20,1
DA:24,1
DA:25,0
DA:31,1
DA:47,1
DA:49,1
DA:53,0
DA:67,0
DA:68,0
DA:75,1
DA:94,0
DA:102,1
LF:20
LH:15
BRDA:18,0,0,1
BRDA:18,0,1,1
BRDA:24,1,0,0
BRDA:24,1,1,1
BRDA:47,2,0,0
BRDA:47,2,1,1
BRDA:67,3,0,0
BRDA:67,3,1,0
BRF:8
BRH:4
end_of_record
TN:
SF:src\app\prisma\index.ts
FNF:0
FNH:0
DA:1,2
DA:2,2
DA:3,2
DA:5,2
DA:7,2
DA:8,2
DA:10,2
LF:7
LH:7
BRF:0
BRH:0
end_of_record
TN:
SF:src\app\socket\socketStore.ts
FN:10,addUserSocket
FN:17,removeUserSocket
FN:27,getUserSocketIds
FN:30,getUsersSocketIds
FN:35,(anonymous_4)
FN:43,isUserConnected
FN:47,getAllConnectedUsers
FN:48,(anonymous_7)
FN:54,(anonymous_8)
FN:59,(anonymous_9)
FNF:10
FNH:0
FNDA:0,addUserSocket
FNDA:0,removeUserSocket
FNDA:0,getUserSocketIds
FNDA:0,getUsersSocketIds
FNDA:0,(anonymous_4)
FNDA:0,isUserConnected
FNDA:0,getAllConnectedUsers
FNDA:0,(anonymous_7)
FNDA:0,(anonymous_8)
FNDA:0,(anonymous_9)
DA:4,1
DA:8,1
DA:10,1
DA:11,0
DA:12,0
DA:14,0
DA:17,1
DA:18,0
DA:19,0
DA:21,0
DA:22,0
DA:23,0
DA:27,1
DA:28,0
DA:30,1
DA:31,0
DA:33,0
DA:35,0
DA:36,0
DA:37,0
DA:40,0
DA:43,1
DA:44,0
DA:47,1
DA:48,0
DA:54,1
DA:55,0
DA:56,0
DA:59,1
DA:60,0
DA:61,0
DA:63,0
LF:32
LH:10
BRDA:11,0,0,0
BRDA:11,0,1,0
BRDA:14,1,0,0
BRDA:14,1,1,0
BRDA:14,2,0,0
BRDA:14,2,1,0
BRDA:19,3,0,0
BRDA:19,3,1,0
BRDA:22,4,0,0
BRDA:22,4,1,0
BRDA:28,5,0,0
BRDA:28,5,1,0
BRDA:28,6,0,0
BRDA:28,6,1,0
BRDA:37,7,0,0
BRDA:37,7,1,0
BRDA:60,8,0,0
BRDA:60,8,1,0
BRF:18
BRH:0
end_of_record
